{"/home/travis/build/npmtest/node-npmtest-cordova-plugin-nativestorage/test.js":{"path":"/home/travis/build/npmtest/node-npmtest-cordova-plugin-nativestorage/test.js","s":{"1":2,"2":2,"3":2,"4":2,"5":2,"6":2,"7":2,"8":1,"9":2,"10":2,"11":1,"12":1,"13":1,"14":1,"15":2,"16":2,"17":2,"18":2,"19":1,"20":1,"21":2,"22":2,"23":2,"24":1,"25":1,"26":1,"27":1,"28":1,"29":1,"30":1,"31":1,"32":1,"33":1,"34":1,"35":1,"36":1,"37":1,"38":1,"39":2,"40":2,"41":1,"42":2,"43":2,"44":1,"45":2,"46":2,"47":1,"48":2,"49":2,"50":1,"51":1,"52":1,"53":1,"54":1},"b":{"1":[2,1,1,1],"2":[1,1,1,1],"3":[1,1],"4":[1,1],"5":[1,1],"6":[1,1],"7":[1,1],"8":[1,1],"9":[1,1],"10":[1,1,1],"11":[1,1],"12":[1,1],"13":[1,1],"14":[1,1],"15":[1,1],"16":[1,1],"17":[1,1]},"f":{"1":2,"2":2,"3":2,"4":2,"5":2,"6":1,"7":1,"8":1,"9":2,"10":2,"11":2,"12":2,"13":1},"fnMap":{"1":{"name":"(anonymous_1)","line":12,"loc":{"start":{"line":12,"column":1},"end":{"line":12,"column":13}}},"2":{"name":"(anonymous_2)","line":19,"loc":{"start":{"line":19,"column":5},"end":{"line":19,"column":17}}},"3":{"name":"(anonymous_3)","line":23,"loc":{"start":{"line":23,"column":24},"end":{"line":23,"column":36}}},"4":{"name":"(anonymous_4)","line":61,"loc":{"start":{"line":61,"column":5},"end":{"line":61,"column":17}}},"5":{"name":"(anonymous_5)","line":82,"loc":{"start":{"line":82,"column":5},"end":{"line":82,"column":17}}},"6":{"name":"(anonymous_6)","line":91,"loc":{"start":{"line":91,"column":77},"end":{"line":94,"column":10}}},"7":{"name":"(anonymous_7)","line":112,"loc":{"start":{"line":112,"column":83},"end":{"line":115,"column":10}},"skip":true},"8":{"name":"(anonymous_8)","line":123,"loc":{"start":{"line":123,"column":77},"end":{"line":126,"column":10}},"skip":true},"9":{"name":"(anonymous_9)","line":139,"loc":{"start":{"line":139,"column":12},"end":{"line":139,"column":40}},"skip":true},"10":{"name":"(anonymous_10)","line":147,"loc":{"start":{"line":147,"column":77},"end":{"line":150,"column":10}},"skip":true},"11":{"name":"(anonymous_11)","line":158,"loc":{"start":{"line":158,"column":83},"end":{"line":161,"column":10}},"skip":true},"12":{"name":"(anonymous_12)","line":169,"loc":{"start":{"line":169,"column":79},"end":{"line":172,"column":10}},"skip":true},"13":{"name":"(anonymous_13)","line":180,"loc":{"start":{"line":180,"column":75},"end":{"line":183,"column":10}},"skip":true}},"statementMap":{"1":{"start":{"line":12,"column":0},"end":{"line":195,"column":5}},"2":{"start":{"line":14,"column":4},"end":{"line":14,"column":14}},"3":{"start":{"line":19,"column":4},"end":{"line":56,"column":9}},"4":{"start":{"line":21,"column":8},"end":{"line":21,"column":19}},"5":{"start":{"line":23,"column":8},"end":{"line":35,"column":13}},"6":{"start":{"line":24,"column":12},"end":{"line":34,"column":13}},"7":{"start":{"line":25,"column":16},"end":{"line":28,"column":30}},"8":{"start":{"line":30,"column":16},"end":{"line":33,"column":27}},"9":{"start":{"line":37,"column":8},"end":{"line":39,"column":21}},"10":{"start":{"line":40,"column":8},"end":{"line":53,"column":9}},"11":{"start":{"line":43,"column":12},"end":{"line":46,"column":14}},"12":{"start":{"line":47,"column":12},"end":{"line":47,"column":18}},"13":{"start":{"line":50,"column":12},"end":{"line":51,"column":33}},"14":{"start":{"line":52,"column":12},"end":{"line":52,"column":18}},"15":{"start":{"line":55,"column":8},"end":{"line":55,"column":35}},"16":{"start":{"line":61,"column":4},"end":{"line":63,"column":9}},"17":{"start":{"line":62,"column":8},"end":{"line":62,"column":15}},"18":{"start":{"line":64,"column":4},"end":{"line":77,"column":5}},"19":{"start":{"line":70,"column":8},"end":{"line":70,"column":14}},"20":{"start":{"line":76,"column":8},"end":{"line":76,"column":14}},"21":{"start":{"line":82,"column":4},"end":{"line":84,"column":9}},"22":{"start":{"line":83,"column":8},"end":{"line":83,"column":15}},"23":{"start":{"line":85,"column":4},"end":{"line":194,"column":5}},"24":{"start":{"line":91,"column":8},"end":{"line":99,"column":10}},"25":{"start":{"line":98,"column":12},"end":{"line":98,"column":35}},"26":{"start":{"line":102,"column":8},"end":{"line":104,"column":63}},"27":{"start":{"line":105,"column":8},"end":{"line":105,"column":14}},"28":{"start":{"line":112,"column":8},"end":{"line":121,"column":10},"skip":true},"29":{"start":{"line":119,"column":12},"end":{"line":119,"column":55},"skip":true},"30":{"start":{"line":120,"column":12},"end":{"line":120,"column":48},"skip":true},"31":{"start":{"line":123,"column":8},"end":{"line":136,"column":10},"skip":true},"32":{"start":{"line":130,"column":12},"end":{"line":130,"column":76},"skip":true},"33":{"start":{"line":131,"column":12},"end":{"line":131,"column":73},"skip":true},"34":{"start":{"line":132,"column":12},"end":{"line":132,"column":74},"skip":true},"35":{"start":{"line":133,"column":12},"end":{"line":133,"column":79},"skip":true},"36":{"start":{"line":134,"column":12},"end":{"line":134,"column":25},"skip":true},"37":{"start":{"line":135,"column":12},"end":{"line":135,"column":45},"skip":true},"38":{"start":{"line":138,"column":8},"end":{"line":145,"column":14},"skip":true},"39":{"start":{"line":143,"column":16},"end":{"line":143,"column":29},"skip":true},"40":{"start":{"line":144,"column":16},"end":{"line":144,"column":55},"skip":true},"41":{"start":{"line":147,"column":8},"end":{"line":156,"column":10},"skip":true},"42":{"start":{"line":154,"column":12},"end":{"line":154,"column":25},"skip":true},"43":{"start":{"line":155,"column":12},"end":{"line":155,"column":45},"skip":true},"44":{"start":{"line":158,"column":8},"end":{"line":167,"column":10},"skip":true},"45":{"start":{"line":165,"column":12},"end":{"line":165,"column":25},"skip":true},"46":{"start":{"line":166,"column":12},"end":{"line":166,"column":48},"skip":true},"47":{"start":{"line":169,"column":8},"end":{"line":178,"column":10},"skip":true},"48":{"start":{"line":176,"column":12},"end":{"line":176,"column":25},"skip":true},"49":{"start":{"line":177,"column":12},"end":{"line":177,"column":46},"skip":true},"50":{"start":{"line":180,"column":8},"end":{"line":189,"column":10},"skip":true},"51":{"start":{"line":187,"column":12},"end":{"line":187,"column":94},"skip":true},"52":{"start":{"line":188,"column":12},"end":{"line":188,"column":48},"skip":true},"53":{"start":{"line":192,"column":8},"end":{"line":192,"column":35},"skip":true},"54":{"start":{"line":193,"column":8},"end":{"line":193,"column":14},"skip":true}},"branchMap":{"1":{"line":25,"type":"binary-expr","locations":[{"start":{"line":25,"column":23},"end":{"line":25,"column":62}},{"start":{"line":26,"column":20},"end":{"line":26,"column":70}},{"start":{"line":27,"column":20},"end":{"line":27,"column":71}},{"start":{"line":28,"column":20},"end":{"line":28,"column":29}}]},"2":{"line":30,"type":"binary-expr","locations":[{"start":{"line":30,"column":23},"end":{"line":30,"column":37}},{"start":{"line":31,"column":20},"end":{"line":31,"column":61}},{"start":{"line":32,"column":20},"end":{"line":32,"column":70}},{"start":{"line":33,"column":20},"end":{"line":33,"column":26}}]},"3":{"line":37,"type":"cond-expr","locations":[{"start":{"line":38,"column":14},"end":{"line":38,"column":20}},{"start":{"line":39,"column":14},"end":{"line":39,"column":20}}]},"4":{"line":40,"type":"switch","locations":[{"start":{"line":42,"column":8},"end":{"line":47,"column":18}},{"start":{"line":49,"column":8},"end":{"line":52,"column":18}}]},"5":{"line":44,"type":"binary-expr","locations":[{"start":{"line":44,"column":16},"end":{"line":44,"column":44}},{"start":{"line":44,"column":48},"end":{"line":44,"column":66}}]},"6":{"line":50,"type":"binary-expr","locations":[{"start":{"line":50,"column":21},"end":{"line":50,"column":49}},{"start":{"line":50,"column":53},"end":{"line":50,"column":72}}]},"7":{"line":64,"type":"switch","locations":[{"start":{"line":69,"column":4},"end":{"line":70,"column":14}},{"start":{"line":75,"column":4},"end":{"line":76,"column":14}}]},"8":{"line":85,"type":"switch","locations":[{"start":{"line":90,"column":4},"end":{"line":105,"column":14}},{"start":{"line":111,"column":4},"end":{"line":193,"column":14},"skip":true}]},"9":{"line":91,"type":"binary-expr","locations":[{"start":{"line":91,"column":42},"end":{"line":91,"column":73}},{"start":{"line":91,"column":77},"end":{"line":99,"column":9}}]},"10":{"line":102,"type":"binary-expr","locations":[{"start":{"line":102,"column":18},"end":{"line":102,"column":32}},{"start":{"line":103,"column":12},"end":{"line":103,"column":53}},{"start":{"line":104,"column":12},"end":{"line":104,"column":61}}]},"11":{"line":112,"type":"binary-expr","locations":[{"start":{"line":112,"column":45},"end":{"line":112,"column":79},"skip":true},{"start":{"line":112,"column":83},"end":{"line":121,"column":9},"skip":true}]},"12":{"line":123,"type":"binary-expr","locations":[{"start":{"line":123,"column":42},"end":{"line":123,"column":73},"skip":true},{"start":{"line":123,"column":77},"end":{"line":136,"column":9},"skip":true}]},"13":{"line":138,"type":"binary-expr","locations":[{"start":{"line":138,"column":48},"end":{"line":138,"column":85},"skip":true},{"start":{"line":139,"column":12},"end":{"line":145,"column":13},"skip":true}]},"14":{"line":147,"type":"binary-expr","locations":[{"start":{"line":147,"column":42},"end":{"line":147,"column":73},"skip":true},{"start":{"line":147,"column":77},"end":{"line":156,"column":9},"skip":true}]},"15":{"line":158,"type":"binary-expr","locations":[{"start":{"line":158,"column":45},"end":{"line":158,"column":79},"skip":true},{"start":{"line":158,"column":83},"end":{"line":167,"column":9},"skip":true}]},"16":{"line":169,"type":"binary-expr","locations":[{"start":{"line":169,"column":43},"end":{"line":169,"column":75},"skip":true},{"start":{"line":169,"column":79},"end":{"line":178,"column":9},"skip":true}]},"17":{"line":180,"type":"binary-expr","locations":[{"start":{"line":180,"column":41},"end":{"line":180,"column":71},"skip":true},{"start":{"line":180,"column":75},"end":{"line":189,"column":9},"skip":true}]}},"code":["/* istanbul instrument in package npmtest_cordova_plugin_nativestorage */","/*jslint","    bitwise: true,","    browser: true,","    maxerr: 8,","    maxlen: 96,","    node: true,","    nomen: true,","    regexp: true,","    stupid: true","*/","(function () {","    'use strict';","    var local;","","","","    // run shared js-env code - init-before","    (function () {","        // init local","        local = {};","        // init modeJs","        local.modeJs = (function () {","            try {","                return typeof navigator.userAgent === 'string' &&","                    typeof document.querySelector('body') === 'object' &&","                    typeof XMLHttpRequest.prototype.open === 'function' &&","                    'browser';","            } catch (errorCaughtBrowser) {","                return module.exports &&","                    typeof process.versions.node === 'string' &&","                    typeof require('http').createServer === 'function' &&","                    'node';","            }","        }());","        // init global","        local.global = local.modeJs === 'browser'","            ? window","            : global;","        switch (local.modeJs) {","        // re-init local from window.local","        case 'browser':","            local = local.global.utility2.objectSetDefault(","                local.global.utility2_rollup || local.global.local,","                local.global.utility2","            );","            break;","        // re-init local from example.js","        case 'node':","            local = (local.global.utility2_rollup || require('utility2'))","                .requireReadme();","            break;","        }","        // export local","        local.global.local = local;","    }());","","","","    // run shared js-env code - function","    (function () {","        return;","    }());","    switch (local.modeJs) {","","","","    // run browser js-env code - function","    case 'browser':","        break;","","","","    // run node js-env code - function","    case 'node':","        break;","    }","","","","    // run shared js-env code - init-after","    (function () {","        return;","    }());","    switch (local.modeJs) {","","","","    // run browser js-env code - init-after","    case 'browser':","        local.testCase_browser_nullCase = local.testCase_browser_nullCase || function (","            options,","            onError","        ) {","        /*","         * this function will test browsers's null-case handling-behavior-behavior","         */","            onError(null, options);","        };","","        // run tests","        local.nop(local.modeTest &&","            document.querySelector('#testRunButton1') &&","            document.querySelector('#testRunButton1').click());","        break;","","","","    // run node js-env code - init-after","    /* istanbul ignore next */","    case 'node':","        local.testCase_buildApidoc_default = local.testCase_buildApidoc_default || function (","            options,","            onError","        ) {","        /*","         * this function will test buildApidoc's default handling-behavior-behavior","         */","            options = { modulePathList: module.paths };","            local.buildApidoc(options, onError);","        };","","        local.testCase_buildApp_default = local.testCase_buildApp_default || function (","            options,","            onError","        ) {","        /*","         * this function will test buildApp's default handling-behavior-behavior","         */","            local.testCase_buildReadme_default(options, local.onErrorThrow);","            local.testCase_buildLib_default(options, local.onErrorThrow);","            local.testCase_buildTest_default(options, local.onErrorThrow);","            local.testCase_buildCustomOrg_default(options, local.onErrorThrow);","            options = [];","            local.buildApp(options, onError);","        };","","        local.testCase_buildCustomOrg_default = local.testCase_buildCustomOrg_default ||","            function (options, onError) {","            /*","             * this function will test buildCustomOrg's default handling-behavior","             */","                options = {};","                local.buildCustomOrg(options, onError);","            };","","        local.testCase_buildLib_default = local.testCase_buildLib_default || function (","            options,","            onError","        ) {","        /*","         * this function will test buildLib's default handling-behavior","         */","            options = {};","            local.buildLib(options, onError);","        };","","        local.testCase_buildReadme_default = local.testCase_buildReadme_default || function (","            options,","            onError","        ) {","        /*","         * this function will test buildReadme's default handling-behavior-behavior","         */","            options = {};","            local.buildReadme(options, onError);","        };","","        local.testCase_buildTest_default = local.testCase_buildTest_default || function (","            options,","            onError","        ) {","        /*","         * this function will test buildTest's default handling-behavior","         */","            options = {};","            local.buildTest(options, onError);","        };","","        local.testCase_webpage_default = local.testCase_webpage_default || function (","            options,","            onError","        ) {","        /*","         * this function will test webpage's default handling-behavior","         */","            options = { modeCoverageMerge: true, url: local.serverLocalHost + '?modeTest=1' };","            local.browserTest(options, onError);","        };","","        // run test-server","        local.testRunServer(local);","        break;","    }","}());",""],"l":{"12":2,"14":2,"19":2,"21":2,"23":2,"24":2,"25":2,"30":1,"37":2,"40":2,"43":1,"47":1,"50":1,"52":1,"55":2,"61":2,"62":2,"64":2,"70":1,"76":1,"82":2,"83":2,"85":2,"91":1,"98":1,"102":1,"105":1,"112":1,"119":1,"120":1,"123":1,"130":1,"131":1,"132":1,"133":1,"134":1,"135":1,"138":1,"143":2,"144":2,"147":1,"154":2,"155":2,"158":1,"165":2,"166":2,"169":1,"176":2,"177":2,"180":1,"187":1,"188":1,"192":1,"193":1}},"/home/travis/build/npmtest/node-npmtest-cordova-plugin-nativestorage/lib.npmtest_cordova_plugin_nativestorage.js":{"path":"/home/travis/build/npmtest/node-npmtest-cordova-plugin-nativestorage/lib.npmtest_cordova_plugin_nativestorage.js","s":{"1":2,"2":2,"3":2,"4":2,"5":2,"6":2,"7":2,"8":1,"9":2,"10":2,"11":2,"12":2,"13":1,"14":1,"15":1,"16":1},"b":{"1":[2,1,1,1],"2":[1,1,1,1],"3":[1,1],"4":[2,2],"5":[1,1]},"f":{"1":2,"2":2,"3":2},"fnMap":{"1":{"name":"(anonymous_1)","line":12,"loc":{"start":{"line":12,"column":1},"end":{"line":12,"column":13}}},"2":{"name":"(anonymous_2)","line":19,"loc":{"start":{"line":19,"column":5},"end":{"line":19,"column":17}}},"3":{"name":"(anonymous_3)","line":23,"loc":{"start":{"line":23,"column":24},"end":{"line":23,"column":36}}}},"statementMap":{"1":{"start":{"line":12,"column":0},"end":{"line":53,"column":5}},"2":{"start":{"line":14,"column":4},"end":{"line":14,"column":14}},"3":{"start":{"line":19,"column":4},"end":{"line":52,"column":9}},"4":{"start":{"line":21,"column":8},"end":{"line":21,"column":19}},"5":{"start":{"line":23,"column":8},"end":{"line":35,"column":13}},"6":{"start":{"line":24,"column":12},"end":{"line":34,"column":13}},"7":{"start":{"line":25,"column":16},"end":{"line":28,"column":30}},"8":{"start":{"line":30,"column":16},"end":{"line":33,"column":27}},"9":{"start":{"line":37,"column":8},"end":{"line":39,"column":21}},"10":{"start":{"line":41,"column":8},"end":{"line":41,"column":54}},"11":{"start":{"line":43,"column":8},"end":{"line":43,"column":73}},"12":{"start":{"line":45,"column":8},"end":{"line":51,"column":9}},"13":{"start":{"line":46,"column":12},"end":{"line":46,"column":79}},"14":{"start":{"line":48,"column":12},"end":{"line":48,"column":35}},"15":{"start":{"line":49,"column":12},"end":{"line":49,"column":49}},"16":{"start":{"line":50,"column":12},"end":{"line":50,"column":43}}},"branchMap":{"1":{"line":25,"type":"binary-expr","locations":[{"start":{"line":25,"column":23},"end":{"line":25,"column":62}},{"start":{"line":26,"column":20},"end":{"line":26,"column":70}},{"start":{"line":27,"column":20},"end":{"line":27,"column":71}},{"start":{"line":28,"column":20},"end":{"line":28,"column":29}}]},"2":{"line":30,"type":"binary-expr","locations":[{"start":{"line":30,"column":23},"end":{"line":30,"column":37}},{"start":{"line":31,"column":20},"end":{"line":31,"column":61}},{"start":{"line":32,"column":20},"end":{"line":32,"column":70}},{"start":{"line":33,"column":20},"end":{"line":33,"column":26}}]},"3":{"line":37,"type":"cond-expr","locations":[{"start":{"line":38,"column":14},"end":{"line":38,"column":20}},{"start":{"line":39,"column":14},"end":{"line":39,"column":20}}]},"4":{"line":41,"type":"binary-expr","locations":[{"start":{"line":41,"column":16},"end":{"line":41,"column":44}},{"start":{"line":41,"column":48},"end":{"line":41,"column":53}}]},"5":{"line":45,"type":"if","locations":[{"start":{"line":45,"column":8},"end":{"line":45,"column":8}},{"start":{"line":45,"column":8},"end":{"line":45,"column":8}}]}},"code":["/* istanbul instrument in package npmtest_cordova_plugin_nativestorage */","/*jslint","    bitwise: true,","    browser: true,","    maxerr: 8,","    maxlen: 96,","    node: true,","    nomen: true,","    regexp: true,","    stupid: true","*/","(function () {","    'use strict';","    var local;","","","","    // run shared js-env code - init-before","    (function () {","        // init local","        local = {};","        // init modeJs","        local.modeJs = (function () {","            try {","                return typeof navigator.userAgent === 'string' &&","                    typeof document.querySelector('body') === 'object' &&","                    typeof XMLHttpRequest.prototype.open === 'function' &&","                    'browser';","            } catch (errorCaughtBrowser) {","                return module.exports &&","                    typeof process.versions.node === 'string' &&","                    typeof require('http').createServer === 'function' &&","                    'node';","            }","        }());","        // init global","        local.global = local.modeJs === 'browser'","            ? window","            : global;","        // init utility2_rollup","        local = local.global.utility2_rollup || local;","        // init lib","        local.local = local.npmtest_cordova_plugin_nativestorage = local;","        // init exports","        if (local.modeJs === 'browser') {","            local.global.utility2_npmtest_cordova_plugin_nativestorage = local;","        } else {","            module.exports = local;","            module.exports.__dirname = __dirname;","            module.exports.module = module;","        }","    }());","}());",""],"l":{"12":2,"14":2,"19":2,"21":2,"23":2,"24":2,"25":2,"30":1,"37":2,"41":2,"43":2,"45":2,"46":1,"48":1,"49":1,"50":1}},"/home/travis/build/npmtest/node-npmtest-cordova-plugin-nativestorage/example.js":{"path":"/home/travis/build/npmtest/node-npmtest-cordova-plugin-nativestorage/example.js","s":{"1":2,"2":2,"3":2,"4":2,"5":2,"6":2,"7":2,"8":1,"9":2,"10":2,"11":2,"12":2,"13":1,"14":2,"15":2,"16":2,"17":2,"18":2,"19":0,"20":2,"21":1,"22":1,"23":1,"24":1,"25":1,"26":0,"27":0,"28":1,"29":1,"30":2,"31":0,"32":0,"33":0,"34":1,"35":2,"36":2,"37":3,"38":3,"39":3,"40":3,"41":0,"42":3,"43":3,"44":3,"45":1,"46":3,"47":1,"48":1,"49":1,"50":1,"51":1,"52":1,"53":1,"54":1,"55":1,"56":1,"57":0,"58":1,"59":6,"60":6,"61":1,"62":2,"63":0,"64":2,"65":1,"66":1,"67":0,"68":0,"69":0,"70":0,"71":0,"72":0,"73":0,"74":0,"75":0,"76":0,"77":0,"78":0,"79":0,"80":0,"81":0,"82":0,"83":0},"b":{"1":[2,1,1,1],"2":[1,1,1,1],"3":[1,1],"4":[2,2],"5":[1,1],"6":[1,1],"7":[2,0],"8":[2,1,1,1,1,1],"9":[0,2,0],"10":[1,1],"11":[2,1,1],"12":[1,0],"13":[0,2],"14":[2,0,0,0,0,0,0],"15":[0,3],"16":[3,0],"17":[1,1],"18":[0,1],"19":[1,2,0,2],"20":[1,0],"21":[1,1],"22":[0,0],"23":[0,0],"24":[0,0],"25":[0,0],"26":[0,0],"27":[0,0],"28":[0,0]},"f":{"1":2,"2":2,"3":2,"4":2,"5":2,"6":2,"7":3,"8":3,"9":3,"10":1,"11":6,"12":0},"fnMap":{"1":{"name":"(anonymous_1)","line":26,"loc":{"start":{"line":26,"column":1},"end":{"line":26,"column":13}}},"2":{"name":"(anonymous_2)","line":33,"loc":{"start":{"line":33,"column":5},"end":{"line":33,"column":17}}},"3":{"name":"(anonymous_3)","line":37,"loc":{"start":{"line":37,"column":24},"end":{"line":37,"column":36}}},"4":{"name":"(anonymous_4)","line":69,"loc":{"start":{"line":69,"column":31},"end":{"line":69,"column":48}},"skip":true},"5":{"name":"(anonymous_5)","line":78,"loc":{"start":{"line":78,"column":26},"end":{"line":78,"column":45}},"skip":true},"6":{"name":"(anonymous_6)","line":123,"loc":{"start":{"line":123,"column":33},"end":{"line":123,"column":48}},"skip":true},"7":{"name":"(anonymous_7)","line":125,"loc":{"start":{"line":125,"column":27},"end":{"line":125,"column":39}},"skip":true},"8":{"name":"(anonymous_8)","line":133,"loc":{"start":{"line":133,"column":59},"end":{"line":133,"column":74}},"skip":true},"9":{"name":"(anonymous_9)","line":143,"loc":{"start":{"line":143,"column":45},"end":{"line":143,"column":62}},"skip":true},"10":{"name":"(anonymous_10)","line":144,"loc":{"start":{"line":144,"column":73},"end":{"line":144,"column":92}},"skip":true},"11":{"name":"(anonymous_11)","line":272,"loc":{"start":{"line":272,"column":51},"end":{"line":272,"column":77}},"skip":true},"12":{"name":"(anonymous_12)","line":315,"loc":{"start":{"line":315,"column":32},"end":{"line":315,"column":61}},"skip":true}},"statementMap":{"1":{"start":{"line":26,"column":0},"end":{"line":326,"column":5}},"2":{"start":{"line":28,"column":4},"end":{"line":28,"column":14}},"3":{"start":{"line":33,"column":4},"end":{"line":60,"column":9}},"4":{"start":{"line":35,"column":8},"end":{"line":35,"column":19}},"5":{"start":{"line":37,"column":8},"end":{"line":49,"column":13}},"6":{"start":{"line":38,"column":12},"end":{"line":48,"column":13}},"7":{"start":{"line":39,"column":16},"end":{"line":42,"column":30}},"8":{"start":{"line":44,"column":16},"end":{"line":47,"column":27}},"9":{"start":{"line":51,"column":8},"end":{"line":53,"column":21}},"10":{"start":{"line":55,"column":8},"end":{"line":57,"column":45}},"11":{"start":{"line":59,"column":8},"end":{"line":59,"column":35}},"12":{"start":{"line":61,"column":4},"end":{"line":325,"column":5}},"13":{"start":{"line":69,"column":8},"end":{"line":121,"column":10},"skip":true},"14":{"start":{"line":70,"column":12},"end":{"line":88,"column":13},"skip":true},"15":{"start":{"line":76,"column":16},"end":{"line":87,"column":19},"skip":true},"16":{"start":{"line":79,"column":20},"end":{"line":86,"column":21},"skip":true},"17":{"start":{"line":82,"column":24},"end":{"line":82,"column":43},"skip":true},"18":{"start":{"line":83,"column":24},"end":{"line":83,"column":30},"skip":true},"19":{"start":{"line":85,"column":24},"end":{"line":85,"column":49},"skip":true},"20":{"start":{"line":89,"column":12},"end":{"line":107,"column":13},"skip":true},"21":{"start":{"line":92,"column":16},"end":{"line":102,"column":17},"skip":true},"22":{"start":{"line":93,"column":20},"end":{"line":93,"column":86},"skip":true},"23":{"start":{"line":94,"column":20},"end":{"line":95,"column":45},"skip":true},"24":{"start":{"line":96,"column":20},"end":{"line":96,"column":42},"skip":true},"25":{"start":{"line":97,"column":20},"end":{"line":97,"column":48},"skip":true},"26":{"start":{"line":100,"column":20},"end":{"line":100,"column":85},"skip":true},"27":{"start":{"line":101,"column":20},"end":{"line":101,"column":96},"skip":true},"28":{"start":{"line":103,"column":16},"end":{"line":103,"column":22},"skip":true},"29":{"start":{"line":106,"column":16},"end":{"line":106,"column":22},"skip":true},"30":{"start":{"line":108,"column":12},"end":{"line":120,"column":13},"skip":true},"31":{"start":{"line":114,"column":16},"end":{"line":119,"column":17},"skip":true},"32":{"start":{"line":116,"column":20},"end":{"line":116,"column":78},"skip":true},"33":{"start":{"line":118,"column":20},"end":{"line":118,"column":47},"skip":true},"34":{"start":{"line":123,"column":8},"end":{"line":141,"column":11},"skip":true},"35":{"start":{"line":124,"column":12},"end":{"line":124,"column":54},"skip":true},"36":{"start":{"line":125,"column":12},"end":{"line":140,"column":14},"skip":true},"37":{"start":{"line":126,"column":16},"end":{"line":126,"column":28},"skip":true},"38":{"start":{"line":127,"column":16},"end":{"line":127,"column":69},"skip":true},"39":{"start":{"line":128,"column":16},"end":{"line":128,"column":75},"skip":true},"40":{"start":{"line":129,"column":16},"end":{"line":131,"column":17},"skip":true},"41":{"start":{"line":130,"column":20},"end":{"line":130,"column":27},"skip":true},"42":{"start":{"line":133,"column":16},"end":{"line":137,"column":36},"skip":true},"43":{"start":{"line":134,"column":20},"end":{"line":136,"column":55},"skip":true},"44":{"start":{"line":139,"column":16},"end":{"line":139,"column":57},"skip":true},"45":{"start":{"line":143,"column":8},"end":{"line":147,"column":11},"skip":true},"46":{"start":{"line":144,"column":12},"end":{"line":146,"column":15},"skip":true},"47":{"start":{"line":145,"column":16},"end":{"line":145,"column":70},"skip":true},"48":{"start":{"line":149,"column":8},"end":{"line":149,"column":31},"skip":true},"49":{"start":{"line":150,"column":8},"end":{"line":150,"column":14},"skip":true},"50":{"start":{"line":158,"column":8},"end":{"line":158,"column":31},"skip":true},"51":{"start":{"line":160,"column":8},"end":{"line":160,"column":33},"skip":true},"52":{"start":{"line":161,"column":8},"end":{"line":161,"column":37},"skip":true},"53":{"start":{"line":162,"column":8},"end":{"line":162,"column":35},"skip":true},"54":{"start":{"line":164,"column":8},"end":{"line":164,"column":50},"skip":true},"55":{"start":{"line":166,"column":8},"end":{"line":256,"column":2},"skip":true},"56":{"start":{"line":258,"column":8},"end":{"line":286,"column":9},"skip":true},"57":{"start":{"line":259,"column":12},"end":{"line":269,"column":14},"skip":true},"58":{"start":{"line":271,"column":12},"end":{"line":285,"column":19},"skip":true},"59":{"start":{"line":274,"column":20},"end":{"line":274,"column":35},"skip":true},"60":{"start":{"line":275,"column":20},"end":{"line":284,"column":21},"skip":true},"61":{"start":{"line":277,"column":24},"end":{"line":277,"column":64},"skip":true},"62":{"start":{"line":279,"column":24},"end":{"line":279,"column":40},"skip":true},"63":{"start":{"line":281,"column":24},"end":{"line":281,"column":40},"skip":true},"64":{"start":{"line":283,"column":24},"end":{"line":283,"column":39},"skip":true},"65":{"start":{"line":288,"column":8},"end":{"line":290,"column":9},"skip":true},"66":{"start":{"line":289,"column":12},"end":{"line":289,"column":18},"skip":true},"67":{"start":{"line":291,"column":8},"end":{"line":293,"column":54},"skip":true},"68":{"start":{"line":296,"column":8},"end":{"line":301,"column":37},"skip":true},"69":{"start":{"line":303,"column":8},"end":{"line":303,"column":82},"skip":true},"70":{"start":{"line":306,"column":8},"end":{"line":308,"column":9},"skip":true},"71":{"start":{"line":307,"column":12},"end":{"line":307,"column":82},"skip":true},"72":{"start":{"line":310,"column":8},"end":{"line":312,"column":9},"skip":true},"73":{"start":{"line":311,"column":12},"end":{"line":311,"column":18},"skip":true},"74":{"start":{"line":313,"column":8},"end":{"line":313,"column":54},"skip":true},"75":{"start":{"line":314,"column":8},"end":{"line":314,"column":69},"skip":true},"76":{"start":{"line":315,"column":8},"end":{"line":323,"column":36},"skip":true},"77":{"start":{"line":316,"column":12},"end":{"line":316,"column":61},"skip":true},"78":{"start":{"line":317,"column":12},"end":{"line":320,"column":13},"skip":true},"79":{"start":{"line":318,"column":16},"end":{"line":318,"column":75},"skip":true},"80":{"start":{"line":319,"column":16},"end":{"line":319,"column":23},"skip":true},"81":{"start":{"line":321,"column":12},"end":{"line":321,"column":38},"skip":true},"82":{"start":{"line":322,"column":12},"end":{"line":322,"column":27},"skip":true},"83":{"start":{"line":324,"column":8},"end":{"line":324,"column":14},"skip":true}},"branchMap":{"1":{"line":39,"type":"binary-expr","locations":[{"start":{"line":39,"column":23},"end":{"line":39,"column":62}},{"start":{"line":40,"column":20},"end":{"line":40,"column":70}},{"start":{"line":41,"column":20},"end":{"line":41,"column":71}},{"start":{"line":42,"column":20},"end":{"line":42,"column":29}}]},"2":{"line":44,"type":"binary-expr","locations":[{"start":{"line":44,"column":23},"end":{"line":44,"column":37}},{"start":{"line":45,"column":20},"end":{"line":45,"column":61}},{"start":{"line":46,"column":20},"end":{"line":46,"column":70}},{"start":{"line":47,"column":20},"end":{"line":47,"column":26}}]},"3":{"line":51,"type":"cond-expr","locations":[{"start":{"line":52,"column":14},"end":{"line":52,"column":20}},{"start":{"line":53,"column":14},"end":{"line":53,"column":20}}]},"4":{"line":55,"type":"binary-expr","locations":[{"start":{"line":55,"column":16},"end":{"line":55,"column":44}},{"start":{"line":55,"column":49},"end":{"line":57,"column":43}}]},"5":{"line":55,"type":"cond-expr","locations":[{"start":{"line":56,"column":14},"end":{"line":56,"column":72}},{"start":{"line":57,"column":14},"end":{"line":57,"column":43}}]},"6":{"line":61,"type":"switch","locations":[{"start":{"line":68,"column":4},"end":{"line":150,"column":14},"skip":true},{"start":{"line":156,"column":4},"end":{"line":324,"column":14},"skip":true}]},"7":{"line":70,"type":"if","locations":[{"start":{"line":70,"column":12},"end":{"line":70,"column":12},"skip":true},{"start":{"line":70,"column":12},"end":{"line":70,"column":12},"skip":true}]},"8":{"line":70,"type":"binary-expr","locations":[{"start":{"line":70,"column":16},"end":{"line":70,"column":22},"skip":true},{"start":{"line":70,"column":27},"end":{"line":70,"column":32},"skip":true},{"start":{"line":71,"column":20},"end":{"line":71,"column":39},"skip":true},{"start":{"line":72,"column":20},"end":{"line":72,"column":49},"skip":true},{"start":{"line":73,"column":20},"end":{"line":73,"column":58},"skip":true},{"start":{"line":74,"column":20},"end":{"line":74,"column":69},"skip":true}]},"9":{"line":79,"type":"switch","locations":[{"start":{"line":80,"column":20},"end":{"line":80,"column":33},"skip":true},{"start":{"line":81,"column":20},"end":{"line":83,"column":30},"skip":true},{"start":{"line":84,"column":20},"end":{"line":85,"column":49},"skip":true}]},"10":{"line":89,"type":"switch","locations":[{"start":{"line":90,"column":12},"end":{"line":103,"column":22},"skip":true},{"start":{"line":105,"column":12},"end":{"line":106,"column":22},"skip":true}]},"11":{"line":89,"type":"binary-expr","locations":[{"start":{"line":89,"column":20},"end":{"line":89,"column":25},"skip":true},{"start":{"line":89,"column":29},"end":{"line":89,"column":48},"skip":true},{"start":{"line":89,"column":52},"end":{"line":89,"column":74},"skip":true}]},"12":{"line":92,"type":"if","locations":[{"start":{"line":92,"column":16},"end":{"line":92,"column":16},"skip":true},{"start":{"line":92,"column":16},"end":{"line":92,"column":16},"skip":true}]},"13":{"line":108,"type":"if","locations":[{"start":{"line":108,"column":12},"end":{"line":108,"column":12},"skip":true},{"start":{"line":108,"column":12},"end":{"line":108,"column":12},"skip":true}]},"14":{"line":108,"type":"binary-expr","locations":[{"start":{"line":108,"column":16},"end":{"line":108,"column":61},"skip":true},{"start":{"line":108,"column":66},"end":{"line":108,"column":72},"skip":true},{"start":{"line":108,"column":77},"end":{"line":108,"column":82},"skip":true},{"start":{"line":109,"column":20},"end":{"line":109,"column":39},"skip":true},{"start":{"line":110,"column":20},"end":{"line":110,"column":49},"skip":true},{"start":{"line":111,"column":20},"end":{"line":111,"column":58},"skip":true},{"start":{"line":112,"column":20},"end":{"line":112,"column":68},"skip":true}]},"15":{"line":129,"type":"if","locations":[{"start":{"line":129,"column":16},"end":{"line":129,"column":16},"skip":true},{"start":{"line":129,"column":16},"end":{"line":129,"column":16},"skip":true}]},"16":{"line":134,"type":"cond-expr","locations":[{"start":{"line":135,"column":26},"end":{"line":135,"column":29},"skip":true},{"start":{"line":136,"column":26},"end":{"line":136,"column":54},"skip":true}]},"17":{"line":164,"type":"binary-expr","locations":[{"start":{"line":164,"column":27},"end":{"line":164,"column":43},"skip":true},{"start":{"line":164,"column":47},"end":{"line":164,"column":49},"skip":true}]},"18":{"line":258,"type":"if","locations":[{"start":{"line":258,"column":8},"end":{"line":258,"column":8},"skip":true},{"start":{"line":258,"column":8},"end":{"line":258,"column":8},"skip":true}]},"19":{"line":275,"type":"switch","locations":[{"start":{"line":276,"column":20},"end":{"line":277,"column":64},"skip":true},{"start":{"line":278,"column":20},"end":{"line":279,"column":40},"skip":true},{"start":{"line":280,"column":20},"end":{"line":281,"column":40},"skip":true},{"start":{"line":282,"column":20},"end":{"line":283,"column":39},"skip":true}]},"20":{"line":288,"type":"if","locations":[{"start":{"line":288,"column":8},"end":{"line":288,"column":8},"skip":true},{"start":{"line":288,"column":8},"end":{"line":288,"column":8},"skip":true}]},"21":{"line":288,"type":"binary-expr","locations":[{"start":{"line":288,"column":12},"end":{"line":288,"column":40},"skip":true},{"start":{"line":288,"column":44},"end":{"line":288,"column":67},"skip":true}]},"22":{"line":292,"type":"binary-expr","locations":[{"start":{"line":292,"column":12},"end":{"line":292,"column":50},"skip":true},{"start":{"line":293,"column":12},"end":{"line":293,"column":53},"skip":true}]},"23":{"line":297,"type":"binary-expr","locations":[{"start":{"line":297,"column":12},"end":{"line":297,"column":86},"skip":true},{"start":{"line":298,"column":12},"end":{"line":301,"column":36},"skip":true}]},"24":{"line":303,"type":"binary-expr","locations":[{"start":{"line":303,"column":43},"end":{"line":303,"column":75},"skip":true},{"start":{"line":303,"column":79},"end":{"line":303,"column":81},"skip":true}]},"25":{"line":306,"type":"if","locations":[{"start":{"line":306,"column":8},"end":{"line":306,"column":8},"skip":true},{"start":{"line":306,"column":8},"end":{"line":306,"column":8},"skip":true}]},"26":{"line":310,"type":"if","locations":[{"start":{"line":310,"column":8},"end":{"line":310,"column":8},"skip":true},{"start":{"line":310,"column":8},"end":{"line":310,"column":8},"skip":true}]},"27":{"line":313,"type":"binary-expr","locations":[{"start":{"line":313,"column":27},"end":{"line":313,"column":43},"skip":true},{"start":{"line":313,"column":47},"end":{"line":313,"column":53},"skip":true}]},"28":{"line":317,"type":"if","locations":[{"start":{"line":317,"column":12},"end":{"line":317,"column":12},"skip":true},{"start":{"line":317,"column":12},"end":{"line":317,"column":12},"skip":true}]}},"code":["/*","example.js","","quickstart example","","instruction","    1. save this script as example.js","    2. run the shell command:","        $ npm install npmtest-cordova-plugin-nativestorage && PORT=8081 node example.js","    3. play with the browser-demo on http://127.0.0.1:8081","*/","","","","/* istanbul instrument in package npmtest_cordova_plugin_nativestorage */","/*jslint","    bitwise: true,","    browser: true,","    maxerr: 8,","    maxlen: 96,","    node: true,","    nomen: true,","    regexp: true,","    stupid: true","*/","(function () {","    'use strict';","    var local;","","","","    // run shared js-env code - init-before","    (function () {","        // init local","        local = {};","        // init modeJs","        local.modeJs = (function () {","            try {","                return typeof navigator.userAgent === 'string' &&","                    typeof document.querySelector('body') === 'object' &&","                    typeof XMLHttpRequest.prototype.open === 'function' &&","                    'browser';","            } catch (errorCaughtBrowser) {","                return module.exports &&","                    typeof process.versions.node === 'string' &&","                    typeof require('http').createServer === 'function' &&","                    'node';","            }","        }());","        // init global","        local.global = local.modeJs === 'browser'","            ? window","            : global;","        // init utility2_rollup","        local = local.global.utility2_rollup || (local.modeJs === 'browser'","            ? local.global.utility2_npmtest_cordova_plugin_nativestorage","            : global.utility2_moduleExports);","        // export local","        local.global.local = local;","    }());","    switch (local.modeJs) {","","","","    // init-after","    // run browser js-env code - init-after","    /* istanbul ignore next */","    case 'browser':","        local.testRunBrowser = function (event) {","            if (!event || (event &&","                    event.currentTarget &&","                    event.currentTarget.className &&","                    event.currentTarget.className.includes &&","                    event.currentTarget.className.includes('onreset'))) {","                // reset output","                Array.from(","                    document.querySelectorAll('body > .resettable')","                ).forEach(function (element) {","                    switch (element.tagName) {","                    case 'INPUT':","                    case 'TEXTAREA':","                        element.value = '';","                        break;","                    default:","                        element.textContent = '';","                    }","                });","            }","            switch (event && event.currentTarget && event.currentTarget.id) {","            case 'testRunButton1':","                // show tests","                if (document.querySelector('#testReportDiv1').style.display === 'none') {","                    document.querySelector('#testReportDiv1').style.display = 'block';","                    document.querySelector('#testRunButton1').textContent =","                        'hide internal test';","                    local.modeTest = true;","                    local.testRunDefault(local);","                // hide tests","                } else {","                    document.querySelector('#testReportDiv1').style.display = 'none';","                    document.querySelector('#testRunButton1').textContent = 'run internal test';","                }","                break;","            // custom-case","            default:","                break;","            }","            if (document.querySelector('#inputTextareaEval1') && (!event || (event &&","                    event.currentTarget &&","                    event.currentTarget.className &&","                    event.currentTarget.className.includes &&","                    event.currentTarget.className.includes('oneval')))) {","                // try to eval input-code","                try {","                    /*jslint evil: true*/","                    eval(document.querySelector('#inputTextareaEval1').value);","                } catch (errorCaught) {","                    console.error(errorCaught);","                }","            }","        };","        // log stderr and stdout to #outputTextareaStdout1","        ['error', 'log'].forEach(function (key) {","            console[key + '_original'] = console[key];","            console[key] = function () {","                var element;","                console[key + '_original'].apply(console, arguments);","                element = document.querySelector('#outputTextareaStdout1');","                if (!element) {","                    return;","                }","                // append text to #outputTextareaStdout1","                element.value += Array.from(arguments).map(function (arg) {","                    return typeof arg === 'string'","                        ? arg","                        : JSON.stringify(arg, null, 4);","                }).join(' ') + '\\n';","                // scroll textarea to bottom","                element.scrollTop = element.scrollHeight;","            };","        });","        // init event-handling","        ['change', 'click', 'keyup'].forEach(function (event) {","            Array.from(document.querySelectorAll('.on' + event)).forEach(function (element) {","                element.addEventListener(event, local.testRunBrowser);","            });","        });","        // run tests","        local.testRunBrowser();","        break;","","","","    // run node js-env code - init-after","    /* istanbul ignore next */","    case 'node':","        // export local","        module.exports = local;","        // require modules","        local.fs = require('fs');","        local.http = require('http');","        local.url = require('url');","        // init assets","        local.assetsDict = local.assetsDict || {};","        /* jslint-ignore-begin */","        local.assetsDict['/assets.index.template.html'] = '\\","<!doctype html>\\n\\","<html lang=\"en\">\\n\\","<head>\\n\\","<meta charset=\"UTF-8\">\\n\\","<meta name=\"viewport\" content=\"width=device-width, initial-scale=1\">\\n\\","<title>{{env.npm_package_name}} (v{{env.npm_package_version}})</title>\\n\\","<style>\\n\\","/*csslint\\n\\","    box-sizing: false,\\n\\","    universal-selector: false\\n\\","*/\\n\\","* {\\n\\","    box-sizing: border-box;\\n\\","}\\n\\","body {\\n\\","    background: #dde;\\n\\","    font-family: Arial, Helvetica, sans-serif;\\n\\","    margin: 2rem;\\n\\","}\\n\\","body > * {\\n\\","    margin-bottom: 1rem;\\n\\","}\\n\\",".utility2FooterDiv {\\n\\","    margin-top: 20px;\\n\\","    text-align: center;\\n\\","}\\n\\","</style>\\n\\","<style>\\n\\","/*csslint\\n\\","*/\\n\\","textarea {\\n\\","    font-family: monospace;\\n\\","    height: 10rem;\\n\\","    width: 100%;\\n\\","}\\n\\","textarea[readonly] {\\n\\","    background: #ddd;\\n\\","}\\n\\","</style>\\n\\","</head>\\n\\","<body>\\n\\","<!-- utility2-comment\\n\\","<div id=\"ajaxProgressDiv1\" style=\"background: #d00; height: 2px; left: 0; margin: 0; padding: 0; position: fixed; top: 0; transition: background 0.5s, width 1.5s; width: 25%;\"></div>\\n\\","utility2-comment -->\\n\\","<h1>\\n\\","<!-- utility2-comment\\n\\","    <a\\n\\","        {{#if env.npm_package_homepage}}\\n\\","        href=\"{{env.npm_package_homepage}}\"\\n\\","        {{/if env.npm_package_homepage}}\\n\\","        target=\"_blank\"\\n\\","    >\\n\\","utility2-comment -->\\n\\","        {{env.npm_package_name}} (v{{env.npm_package_version}})\\n\\","<!-- utility2-comment\\n\\","    </a>\\n\\","utility2-comment -->\\n\\","</h1>\\n\\","<h3>{{env.npm_package_description}}</h3>\\n\\","<!-- utility2-comment\\n\\","<h4><a download href=\"assets.app.js\">download standalone app</a></h4>\\n\\","<button class=\"onclick onreset\" id=\"testRunButton1\">run internal test</button><br>\\n\\","<div id=\"testReportDiv1\" style=\"display: none;\"></div>\\n\\","utility2-comment -->\\n\\","\\n\\","\\n\\","\\n\\","<label>stderr and stdout</label>\\n\\","<textarea class=\"resettable\" id=\"outputTextareaStdout1\" readonly></textarea>\\n\\","<!-- utility2-comment\\n\\","{{#if isRollup}}\\n\\","<script src=\"assets.app.js\"></script>\\n\\","{{#unless isRollup}}\\n\\","utility2-comment -->\\n\\","<script src=\"assets.utility2.rollup.js\"></script>\\n\\","<script src=\"jsonp.utility2._stateInit?callback=window.utility2._stateInit\"></script>\\n\\","<script src=\"assets.npmtest_cordova_plugin_nativestorage.rollup.js\"></script>\\n\\","<script src=\"assets.example.js\"></script>\\n\\","<script src=\"assets.test.js\"></script>\\n\\","<!-- utility2-comment\\n\\","{{/if isRollup}}\\n\\","utility2-comment -->\\n\\","<div class=\"utility2FooterDiv\">\\n\\","    [ this app was created with\\n\\","    <a href=\"https://github.com/kaizhu256/node-utility2\" target=\"_blank\">utility2</a>\\n\\","    ]\\n\\","</div>\\n\\","</body>\\n\\","</html>\\n\\","';","        /* jslint-ignore-end */","        if (local.templateRender) {","            local.assetsDict['/'] = local.templateRender(","                local.assetsDict['/assets.index.template.html'],","                {","                    env: local.objectSetDefault(local.env, {","                        npm_package_description: 'the greatest app in the world!',","                        npm_package_name: 'my-app',","                        npm_package_nameAlias: 'my_app',","                        npm_package_version: '0.0.1'","                    })","                }","            );","        } else {","            local.assetsDict['/'] = local.assetsDict['/assets.index.template.html']","                .replace((/\\{\\{env\\.(\\w+?)\\}\\}/g), function (match0, match1) {","                    // jslint-hack","                    String(match0);","                    switch (match1) {","                    case 'npm_package_description':","                        return 'the greatest app in the world!';","                    case 'npm_package_name':","                        return 'my-app';","                    case 'npm_package_nameAlias':","                        return 'my_app';","                    case 'npm_package_version':","                        return '0.0.1';","                    }","                });","        }","        // run the cli","        if (local.global.utility2_rollup || module !== require.main) {","            break;","        }","        local.assetsDict['/assets.example.js'] =","            local.assetsDict['/assets.example.js'] ||","            local.fs.readFileSync(__filename, 'utf8');","        // bug-workaround - long $npm_package_buildCustomOrg","        /* jslint-ignore-begin */","        local.assetsDict['/assets.npmtest_cordova_plugin_nativestorage.rollup.js'] =","            local.assetsDict['/assets.npmtest_cordova_plugin_nativestorage.rollup.js'] ||","            local.fs.readFileSync(","                local.npmtest_cordova_plugin_nativestorage.__dirname + '/lib.npmtest_cordova_plugin_nativestorage.js',","                'utf8'","            ).replace((/^#!/), '//');","        /* jslint-ignore-end */","        local.assetsDict['/favicon.ico'] = local.assetsDict['/favicon.ico'] || '';","        // if $npm_config_timeout_exit exists,","        // then exit this process after $npm_config_timeout_exit ms","        if (Number(process.env.npm_config_timeout_exit)) {","            setTimeout(process.exit, Number(process.env.npm_config_timeout_exit));","        }","        // start server","        if (local.global.utility2_serverHttp1) {","            break;","        }","        process.env.PORT = process.env.PORT || '8081';","        console.error('server starting on port ' + process.env.PORT);","        local.http.createServer(function (request, response) {","            request.urlParsed = local.url.parse(request.url);","            if (local.assetsDict[request.urlParsed.pathname] !== undefined) {","                response.end(local.assetsDict[request.urlParsed.pathname]);","                return;","            }","            response.statusCode = 404;","            response.end();","        }).listen(process.env.PORT);","        break;","    }","}());",""],"l":{"26":2,"28":2,"33":2,"35":2,"37":2,"38":2,"39":2,"44":1,"51":2,"55":2,"59":2,"61":2,"69":1,"70":2,"76":2,"79":2,"82":2,"83":2,"85":1,"89":2,"92":1,"93":1,"94":1,"96":1,"97":1,"100":1,"101":1,"103":1,"106":1,"108":2,"114":1,"116":1,"118":1,"123":1,"124":2,"125":2,"126":3,"127":3,"128":3,"129":3,"130":1,"133":3,"134":3,"139":3,"143":1,"144":3,"145":1,"149":1,"150":1,"158":1,"160":1,"161":1,"162":1,"164":1,"166":1,"258":1,"259":1,"271":1,"274":6,"275":6,"277":1,"279":2,"281":1,"283":2,"288":1,"289":1,"291":1,"296":1,"303":1,"306":1,"307":1,"310":1,"311":1,"313":1,"314":1,"315":1,"316":1,"317":1,"318":1,"319":1,"321":1,"322":1,"324":1}},"/home/travis/build/npmtest/node-npmtest-cordova-plugin-nativestorage/node_modules/cordova-plugin-nativestorage/www/LocalStorageHandle.js":{"path":"/home/travis/build/npmtest/node-npmtest-cordova-plugin-nativestorage/node_modules/cordova-plugin-nativestorage/www/LocalStorageHandle.js","s":{"1":1,"2":1,"3":0,"4":0,"5":0,"6":0,"7":0,"8":0,"9":0,"10":0,"11":0,"12":0,"13":0,"14":0,"15":0,"16":0,"17":0,"18":0,"19":0,"20":0,"21":0,"22":0,"23":0,"24":0,"25":0,"26":0,"27":0,"28":0,"29":0,"30":0,"31":0,"32":0,"33":0,"34":0,"35":1},"b":{"1":[0,0],"2":[0,0],"3":[0,0],"4":[0,0],"5":[0,0],"6":[0,0],"7":[0,0]},"f":{"1":0},"fnMap":{"1":{"name":"LocalStorageHandle","line":4,"loc":{"start":{"line":4,"column":0},"end":{"line":4,"column":69}}}},"statementMap":{"1":{"start":{"line":1,"column":0},"end":{"line":1,"column":57}},"2":{"start":{"line":4,"column":0},"end":{"line":48,"column":1}},"3":{"start":{"line":5,"column":4},"end":{"line":5,"column":28}},"4":{"start":{"line":6,"column":4},"end":{"line":6,"column":27}},"5":{"start":{"line":8,"column":4},"end":{"line":47,"column":5}},"6":{"start":{"line":9,"column":8},"end":{"line":19,"column":9}},"7":{"start":{"line":10,"column":12},"end":{"line":10,"column":55}},"8":{"start":{"line":11,"column":12},"end":{"line":14,"column":13}},"9":{"start":{"line":12,"column":16},"end":{"line":12,"column":91}},"10":{"start":{"line":13,"column":16},"end":{"line":13,"column":23}},"11":{"start":{"line":15,"column":12},"end":{"line":15,"column":57}},"12":{"start":{"line":16,"column":12},"end":{"line":16,"column":30}},"13":{"start":{"line":18,"column":12},"end":{"line":18,"column":84}},"14":{"start":{"line":20,"column":11},"end":{"line":47,"column":5}},"15":{"start":{"line":21,"column":8},"end":{"line":21,"column":22}},"16":{"start":{"line":22,"column":8},"end":{"line":22,"column":47}},"17":{"start":{"line":23,"column":8},"end":{"line":26,"column":9}},"18":{"start":{"line":24,"column":12},"end":{"line":24,"column":85}},"19":{"start":{"line":25,"column":12},"end":{"line":25,"column":19}},"20":{"start":{"line":27,"column":8},"end":{"line":33,"column":9}},"21":{"start":{"line":28,"column":12},"end":{"line":28,"column":39}},"22":{"start":{"line":30,"column":12},"end":{"line":30,"column":25}},"23":{"start":{"line":32,"column":12},"end":{"line":32,"column":84}},"24":{"start":{"line":34,"column":11},"end":{"line":47,"column":5}},"25":{"start":{"line":35,"column":6},"end":{"line":35,"column":20}},"26":{"start":{"line":36,"column":6},"end":{"line":36,"column":36}},"27":{"start":{"line":37,"column":6},"end":{"line":39,"column":7}},"28":{"start":{"line":38,"column":8},"end":{"line":38,"column":29}},"29":{"start":{"line":40,"column":6},"end":{"line":40,"column":16}},"30":{"start":{"line":41,"column":6},"end":{"line":45,"column":7}},"31":{"start":{"line":42,"column":8},"end":{"line":42,"column":23}},"32":{"start":{"line":43,"column":8},"end":{"line":43,"column":12}},"33":{"start":{"line":44,"column":8},"end":{"line":44,"column":34}},"34":{"start":{"line":46,"column":6},"end":{"line":46,"column":20}},"35":{"start":{"line":49,"column":0},"end":{"line":49,"column":36}}},"branchMap":{"1":{"line":8,"type":"if","locations":[{"start":{"line":8,"column":4},"end":{"line":8,"column":4}},{"start":{"line":8,"column":4},"end":{"line":8,"column":4}}]},"2":{"line":8,"type":"binary-expr","locations":[{"start":{"line":8,"column":8},"end":{"line":8,"column":35}},{"start":{"line":8,"column":39},"end":{"line":8,"column":66}}]},"3":{"line":11,"type":"if","locations":[{"start":{"line":11,"column":12},"end":{"line":11,"column":12}},{"start":{"line":11,"column":12},"end":{"line":11,"column":12}}]},"4":{"line":20,"type":"if","locations":[{"start":{"line":20,"column":11},"end":{"line":20,"column":11}},{"start":{"line":20,"column":11},"end":{"line":20,"column":11}}]},"5":{"line":23,"type":"if","locations":[{"start":{"line":23,"column":8},"end":{"line":23,"column":8}},{"start":{"line":23,"column":8},"end":{"line":23,"column":8}}]},"6":{"line":34,"type":"if","locations":[{"start":{"line":34,"column":11},"end":{"line":34,"column":11}},{"start":{"line":34,"column":11},"end":{"line":34,"column":11}}]},"7":{"line":37,"type":"if","locations":[{"start":{"line":37,"column":6},"end":{"line":37,"column":6}},{"start":{"line":37,"column":6},"end":{"line":37,"column":6}}]}},"code":["var NativeStorageError = require('./NativeStorageError');","","// args = [reference, variable]","function LocalStorageHandle(success, error, intent, operation, args) {","    var reference = args[0];","    var variable = args[1];","","    if (operation.startsWith('put') || operation.startsWith('set')) {","        try {","            var varAsString = JSON.stringify(variable);","            if (reference === null) {","                error(new NativeStorageError(NativeStorageError.NULL_REFERENCE, \"JS\", \"\"));","                return;","            }","            localStorage.setItem(reference, varAsString);","            success(variable);","        } catch (err) {","            error(new NativeStorageError(NativeStorageError.JSON_ERROR, \"JS\", err));","        }","    } else if (operation.startsWith('get')) {","        var item = {};","        item = localStorage.getItem(reference);","        if (item === null) {","            error(new NativeStorageError(NativeStorageError.ITEM_NOT_FOUND,\"JS\",\"\"));","            return;","        }","        try {","            var obj = JSON.parse(item);","            //console.log(\"LocalStorage Reading: \"+obj);","            success(obj);","        } catch (err) {","            error(new NativeStorageError(NativeStorageError.JSON_ERROR, \"JS\", err));","        }","    } else if (operation === 'keys') {","      var keys = [];","      var key = localStorage.key(0);","      if(!key) {","        return success(keys);","      }","      var i = 0;","      while(key) {","        keys.push(key);","        i++;","        key = localStorage.key(i);","      }","      success(keys);","    }","}","module.exports = LocalStorageHandle;",""],"l":{"1":1,"4":1,"5":0,"6":0,"8":0,"9":0,"10":0,"11":0,"12":0,"13":0,"15":0,"16":0,"18":0,"20":0,"21":0,"22":0,"23":0,"24":0,"25":0,"27":0,"28":0,"30":0,"32":0,"34":0,"35":0,"36":0,"37":0,"38":0,"40":0,"41":0,"42":0,"43":0,"44":0,"46":0,"49":1}},"/home/travis/build/npmtest/node-npmtest-cordova-plugin-nativestorage/node_modules/cordova-plugin-nativestorage/www/NativeStorageError.js":{"path":"/home/travis/build/npmtest/node-npmtest-cordova-plugin-nativestorage/node_modules/cordova-plugin-nativestorage/www/NativeStorageError.js","s":{"1":1,"2":0,"3":0,"4":0,"5":1,"6":1,"7":1,"8":1,"9":1,"10":1,"11":1},"b":{"1":[0,0],"2":[0,0],"3":[0,0]},"f":{"1":0},"fnMap":{"1":{"name":"(anonymous_1)","line":5,"loc":{"start":{"line":5,"column":25},"end":{"line":5,"column":59}}}},"statementMap":{"1":{"start":{"line":5,"column":0},"end":{"line":9,"column":2}},"2":{"start":{"line":6,"column":4},"end":{"line":6,"column":29}},"3":{"start":{"line":7,"column":4},"end":{"line":7,"column":33}},"4":{"start":{"line":8,"column":4},"end":{"line":8,"column":39}},"5":{"start":{"line":11,"column":0},"end":{"line":11,"column":43}},"6":{"start":{"line":12,"column":0},"end":{"line":12,"column":38}},"7":{"start":{"line":13,"column":0},"end":{"line":13,"column":38}},"8":{"start":{"line":14,"column":0},"end":{"line":14,"column":38}},"9":{"start":{"line":15,"column":0},"end":{"line":15,"column":34}},"10":{"start":{"line":16,"column":0},"end":{"line":16,"column":39}},"11":{"start":{"line":18,"column":0},"end":{"line":18,"column":36}}},"branchMap":{"1":{"line":6,"type":"binary-expr","locations":[{"start":{"line":6,"column":16},"end":{"line":6,"column":20}},{"start":{"line":6,"column":24},"end":{"line":6,"column":28}}]},"2":{"line":7,"type":"binary-expr","locations":[{"start":{"line":7,"column":18},"end":{"line":7,"column":24}},{"start":{"line":7,"column":28},"end":{"line":7,"column":32}}]},"3":{"line":8,"type":"binary-expr","locations":[{"start":{"line":8,"column":21},"end":{"line":8,"column":30}},{"start":{"line":8,"column":34},"end":{"line":8,"column":38}}]}},"code":["/**"," * NativeStorageError"," * @constructor"," */","var NativeStorageError = function(code, source, exception) {","    this.code = code || null;","    this.source = source || null;","    this.exception = exception || null;","};","","NativeStorageError.NATIVE_WRITE_FAILED = 1;","NativeStorageError.ITEM_NOT_FOUND = 2;","NativeStorageError.NULL_REFERENCE = 3;","NativeStorageError.UNDEFINED_TYPE = 4;","NativeStorageError.JSON_ERROR = 5;","NativeStorageError.WRONG_PARAMETER = 6;","","module.exports = NativeStorageError;",""],"l":{"5":1,"6":0,"7":0,"8":0,"11":1,"12":1,"13":1,"14":1,"15":1,"16":1,"18":1}},"/home/travis/build/npmtest/node-npmtest-cordova-plugin-nativestorage/node_modules/cordova-plugin-nativestorage/www/mainHandle.js":{"path":"/home/travis/build/npmtest/node-npmtest-cordova-plugin-nativestorage/node_modules/cordova-plugin-nativestorage/www/mainHandle.js","s":{"1":2,"2":2,"3":1,"4":2,"5":0,"6":1,"7":2,"8":0,"9":0,"10":0,"11":0,"12":1,"13":2,"14":0,"15":0,"16":0,"17":0,"18":0,"19":0,"20":0,"21":0,"22":0,"23":0,"24":0,"25":2,"26":0,"27":0,"28":0,"29":0,"30":0,"31":0,"32":0,"33":0,"34":0,"35":0,"36":0,"37":0,"38":0,"39":0,"40":0,"41":0,"42":0,"43":0,"44":0,"45":0,"46":0,"47":0,"48":0,"49":0,"50":2,"51":0,"52":0,"53":0,"54":0,"55":0,"56":0,"57":0,"58":0,"59":0,"60":2,"61":0,"62":0,"63":0,"64":0,"65":0,"66":0,"67":2,"68":0,"69":0,"70":0,"71":0,"72":0,"73":0,"74":0,"75":0,"76":0,"77":0,"78":0,"79":0,"80":0,"81":0,"82":0,"83":0,"84":2,"85":0,"86":0,"87":0,"88":0,"89":0,"90":0,"91":0,"92":0,"93":0,"94":0,"95":0,"96":2,"97":0,"98":0,"99":0,"100":0,"101":2,"102":0,"103":0,"104":0,"105":0,"106":2,"107":0,"108":0,"109":0,"110":0,"111":2,"112":0,"113":0,"114":0,"115":0,"116":0,"117":0,"118":0,"119":2,"120":0,"121":0,"122":0,"123":0,"124":2,"125":0,"126":0,"127":0,"128":0,"129":2,"130":0,"131":0,"132":0,"133":0,"134":0,"135":0,"136":0,"137":0,"138":0,"139":0,"140":2,"141":0,"142":0,"143":0,"144":0,"145":0,"146":0,"147":2,"148":0,"149":0,"150":0,"151":0,"152":0,"153":0,"154":0,"155":0,"156":0,"157":0,"158":0,"159":0,"160":0,"161":0,"162":2,"163":0,"164":0,"165":0,"166":0,"167":0,"168":0,"169":0,"170":0,"171":0,"172":0,"173":2,"174":0,"175":0,"176":0,"177":0,"178":0,"179":0,"180":0,"181":0,"182":0,"183":0,"184":0,"185":0,"186":0,"187":0,"188":0,"189":0,"190":0,"191":0,"192":0,"193":0,"194":0,"195":0,"196":0,"197":0,"198":0,"199":2,"200":0,"201":0,"202":0,"203":0,"204":0,"205":0,"206":0,"207":0,"208":0,"209":0,"210":0,"211":0,"212":0,"213":0,"214":0,"215":0,"216":0,"217":0,"218":0,"219":0,"220":0,"221":2,"222":0,"223":2,"224":0},"b":{"1":[2,0,0,0],"2":[0,0],"3":[0,0],"4":[0,0],"5":[0,0,0,0],"6":[0,0],"7":[0,0],"8":[0,0,0,0,0,0],"9":[0,0],"10":[0,0],"11":[0,0],"12":[0,0],"13":[0,0],"14":[0,0],"15":[0,0],"16":[0,0],"17":[0,0],"18":[0,0],"19":[0,0],"20":[0,0],"21":[0,0],"22":[0,0],"23":[0,0],"24":[0,0],"25":[0,0],"26":[0,0],"27":[0,0],"28":[0,0],"29":[0,0],"30":[0,0],"31":[0,0],"32":[0,0],"33":[0,0],"34":[0,0],"35":[0,0,0,0],"36":[0,0],"37":[0,0,0,0]},"f":{"1":2,"2":2,"3":2,"4":0,"5":0,"6":0,"7":0,"8":0,"9":0,"10":0,"11":0,"12":0,"13":0,"14":0,"15":0,"16":0,"17":0,"18":0,"19":0,"20":0,"21":0,"22":0,"23":0,"24":0,"25":0,"26":0,"27":0,"28":0,"29":0,"30":0,"31":0,"32":0,"33":0,"34":0},"fnMap":{"1":{"name":"isInBrowser","line":5,"loc":{"start":{"line":5,"column":0},"end":{"line":5,"column":23}}},"2":{"name":"storageSupportAnalyse","line":10,"loc":{"start":{"line":10,"column":0},"end":{"line":10,"column":33}}},"3":{"name":"StorageHandle","line":26,"loc":{"start":{"line":26,"column":0},"end":{"line":26,"column":25}}},"4":{"name":"(anonymous_4)","line":47,"loc":{"start":{"line":47,"column":30},"end":{"line":47,"column":73}}},"5":{"name":"(anonymous_5)","line":93,"loc":{"start":{"line":93,"column":33},"end":{"line":93,"column":69}}},"6":{"name":"(anonymous_6)","line":112,"loc":{"start":{"line":112,"column":32},"end":{"line":112,"column":57}}},"7":{"name":"(anonymous_7)","line":127,"loc":{"start":{"line":127,"column":37},"end":{"line":127,"column":83}}},"8":{"name":"(anonymous_8)","line":139,"loc":{"start":{"line":139,"column":32},"end":{"line":139,"column":55}}},"9":{"name":"(anonymous_9)","line":158,"loc":{"start":{"line":158,"column":37},"end":{"line":158,"column":73}}},"10":{"name":"(anonymous_10)","line":163,"loc":{"start":{"line":163,"column":30},"end":{"line":163,"column":53}}},"11":{"name":"(anonymous_11)","line":179,"loc":{"start":{"line":179,"column":33},"end":{"line":179,"column":76}}},"12":{"name":"(anonymous_12)","line":187,"loc":{"start":{"line":187,"column":33},"end":{"line":187,"column":69}}},"13":{"name":"(anonymous_13)","line":197,"loc":{"start":{"line":197,"column":36},"end":{"line":197,"column":80}}},"14":{"name":"(anonymous_14)","line":205,"loc":{"start":{"line":205,"column":36},"end":{"line":205,"column":72}}},"15":{"name":"(anonymous_15)","line":210,"loc":{"start":{"line":210,"column":30},"end":{"line":210,"column":45}}},"16":{"name":"(anonymous_16)","line":220,"loc":{"start":{"line":220,"column":36},"end":{"line":220,"column":75}}},"17":{"name":"(anonymous_17)","line":228,"loc":{"start":{"line":228,"column":36},"end":{"line":228,"column":72}}},"18":{"name":"(anonymous_18)","line":237,"loc":{"start":{"line":237,"column":36},"end":{"line":237,"column":77}}},"19":{"name":"(anonymous_19)","line":244,"loc":{"start":{"line":244,"column":41},"end":{"line":244,"column":56}}},"20":{"name":"(anonymous_20)","line":255,"loc":{"start":{"line":255,"column":36},"end":{"line":255,"column":72}}},"21":{"name":"(anonymous_21)","line":256,"loc":{"start":{"line":256,"column":28},"end":{"line":256,"column":43}}},"22":{"name":"(anonymous_22)","line":268,"loc":{"start":{"line":268,"column":34},"end":{"line":268,"column":75}}},"23":{"name":"(anonymous_23)","line":280,"loc":{"start":{"line":280,"column":30},"end":{"line":280,"column":45}}},"24":{"name":"(anonymous_24)","line":287,"loc":{"start":{"line":287,"column":5},"end":{"line":287,"column":20}}},"25":{"name":"(anonymous_25)","line":292,"loc":{"start":{"line":292,"column":34},"end":{"line":292,"column":70}}},"26":{"name":"(anonymous_26)","line":300,"loc":{"start":{"line":300,"column":4},"end":{"line":300,"column":19}}},"27":{"name":"(anonymous_27)","line":308,"loc":{"start":{"line":308,"column":4},"end":{"line":308,"column":19}}},"28":{"name":"(anonymous_28)","line":314,"loc":{"start":{"line":314,"column":40},"end":{"line":314,"column":96}}},"29":{"name":"(anonymous_29)","line":344,"loc":{"start":{"line":344,"column":30},"end":{"line":344,"column":45}}},"30":{"name":"(anonymous_30)","line":351,"loc":{"start":{"line":351,"column":5},"end":{"line":351,"column":20}}},"31":{"name":"(anonymous_31)","line":356,"loc":{"start":{"line":356,"column":40},"end":{"line":356,"column":91}}},"32":{"name":"(anonymous_32)","line":382,"loc":{"start":{"line":382,"column":4},"end":{"line":382,"column":19}}},"33":{"name":"(anonymous_33)","line":390,"loc":{"start":{"line":390,"column":4},"end":{"line":390,"column":19}}},"34":{"name":"(anonymous_34)","line":396,"loc":{"start":{"line":396,"column":31},"end":{"line":396,"column":56}}}},"statementMap":{"1":{"start":{"line":1,"column":0},"end":{"line":1,"column":22}},"2":{"start":{"line":2,"column":0},"end":{"line":2,"column":57}},"3":{"start":{"line":5,"column":0},"end":{"line":8,"column":1}},"4":{"start":{"line":6,"column":2},"end":{"line":6,"column":155}},"5":{"start":{"line":7,"column":2},"end":{"line":7,"column":19}},"6":{"start":{"line":10,"column":0},"end":{"line":23,"column":1}},"7":{"start":{"line":11,"column":2},"end":{"line":22,"column":3}},"8":{"start":{"line":12,"column":4},"end":{"line":12,"column":13}},"9":{"start":{"line":15,"column":4},"end":{"line":21,"column":5}},"10":{"start":{"line":16,"column":6},"end":{"line":16,"column":15}},"11":{"start":{"line":19,"column":6},"end":{"line":19,"column":15}},"12":{"start":{"line":26,"column":0},"end":{"line":44,"column":1}},"13":{"start":{"line":27,"column":2},"end":{"line":27,"column":48}},"14":{"start":{"line":28,"column":2},"end":{"line":43,"column":3}},"15":{"start":{"line":30,"column":6},"end":{"line":30,"column":41}},"16":{"start":{"line":31,"column":6},"end":{"line":31,"column":41}},"17":{"start":{"line":32,"column":6},"end":{"line":32,"column":12}},"18":{"start":{"line":34,"column":6},"end":{"line":34,"column":63}},"19":{"start":{"line":35,"column":6},"end":{"line":35,"column":55}},"20":{"start":{"line":36,"column":6},"end":{"line":36,"column":12}},"21":{"start":{"line":38,"column":6},"end":{"line":38,"column":57}},"22":{"start":{"line":39,"column":6},"end":{"line":39,"column":12}},"23":{"start":{"line":41,"column":6},"end":{"line":41,"column":42}},"24":{"start":{"line":42,"column":6},"end":{"line":42,"column":12}},"25":{"start":{"line":47,"column":0},"end":{"line":90,"column":2}},"26":{"start":{"line":48,"column":2},"end":{"line":51,"column":3}},"27":{"start":{"line":49,"column":4},"end":{"line":49,"column":41}},"28":{"start":{"line":50,"column":4},"end":{"line":50,"column":11}},"29":{"start":{"line":52,"column":2},"end":{"line":55,"column":3}},"30":{"start":{"line":53,"column":4},"end":{"line":53,"column":42}},"31":{"start":{"line":54,"column":4},"end":{"line":54,"column":11}},"32":{"start":{"line":56,"column":2},"end":{"line":89,"column":3}},"33":{"start":{"line":58,"column":6},"end":{"line":58,"column":49}},"34":{"start":{"line":59,"column":6},"end":{"line":59,"column":12}},"35":{"start":{"line":61,"column":6},"end":{"line":61,"column":56}},"36":{"start":{"line":62,"column":6},"end":{"line":62,"column":12}},"37":{"start":{"line":66,"column":6},"end":{"line":75,"column":7}},"38":{"start":{"line":67,"column":8},"end":{"line":72,"column":9}},"39":{"start":{"line":69,"column":10},"end":{"line":69,"column":56}},"40":{"start":{"line":70,"column":15},"end":{"line":72,"column":9}},"41":{"start":{"line":71,"column":10},"end":{"line":71,"column":59}},"42":{"start":{"line":74,"column":8},"end":{"line":74,"column":55}},"43":{"start":{"line":76,"column":6},"end":{"line":76,"column":12}},"44":{"start":{"line":79,"column":6},"end":{"line":79,"column":55}},"45":{"start":{"line":80,"column":6},"end":{"line":80,"column":12}},"46":{"start":{"line":83,"column":6},"end":{"line":83,"column":55}},"47":{"start":{"line":84,"column":6},"end":{"line":84,"column":12}},"48":{"start":{"line":87,"column":6},"end":{"line":87,"column":65}},"49":{"start":{"line":88,"column":6},"end":{"line":88,"column":12}},"50":{"start":{"line":93,"column":0},"end":{"line":109,"column":2}},"51":{"start":{"line":94,"column":2},"end":{"line":97,"column":3}},"52":{"start":{"line":95,"column":4},"end":{"line":95,"column":44}},"53":{"start":{"line":96,"column":4},"end":{"line":96,"column":11}},"54":{"start":{"line":99,"column":2},"end":{"line":108,"column":3}},"55":{"start":{"line":100,"column":4},"end":{"line":105,"column":5}},"56":{"start":{"line":101,"column":6},"end":{"line":101,"column":41}},"57":{"start":{"line":102,"column":6},"end":{"line":102,"column":16}},"58":{"start":{"line":104,"column":6},"end":{"line":104,"column":15}},"59":{"start":{"line":107,"column":4},"end":{"line":107,"column":88}},"60":{"start":{"line":112,"column":0},"end":{"line":123,"column":2}},"61":{"start":{"line":113,"column":2},"end":{"line":122,"column":3}},"62":{"start":{"line":114,"column":4},"end":{"line":119,"column":5}},"63":{"start":{"line":115,"column":6},"end":{"line":115,"column":27}},"64":{"start":{"line":116,"column":6},"end":{"line":116,"column":16}},"65":{"start":{"line":118,"column":6},"end":{"line":118,"column":15}},"66":{"start":{"line":121,"column":4},"end":{"line":121,"column":78}},"67":{"start":{"line":127,"column":0},"end":{"line":155,"column":2}},"68":{"start":{"line":128,"column":2},"end":{"line":131,"column":3}},"69":{"start":{"line":129,"column":4},"end":{"line":129,"column":44}},"70":{"start":{"line":130,"column":4},"end":{"line":130,"column":11}},"71":{"start":{"line":133,"column":2},"end":{"line":136,"column":3}},"72":{"start":{"line":134,"column":4},"end":{"line":134,"column":42}},"73":{"start":{"line":135,"column":4},"end":{"line":135,"column":11}},"74":{"start":{"line":138,"column":2},"end":{"line":154,"column":3}},"75":{"start":{"line":139,"column":4},"end":{"line":151,"column":68}},"76":{"start":{"line":140,"column":6},"end":{"line":150,"column":7}},"77":{"start":{"line":141,"column":8},"end":{"line":147,"column":9}},"78":{"start":{"line":142,"column":10},"end":{"line":142,"column":24}},"79":{"start":{"line":143,"column":15},"end":{"line":147,"column":9}},"80":{"start":{"line":144,"column":10},"end":{"line":144,"column":25}},"81":{"start":{"line":146,"column":10},"end":{"line":146,"column":99}},"82":{"start":{"line":149,"column":8},"end":{"line":149,"column":30}},"83":{"start":{"line":153,"column":4},"end":{"line":153,"column":46}},"84":{"start":{"line":158,"column":0},"end":{"line":176,"column":2}},"85":{"start":{"line":159,"column":2},"end":{"line":162,"column":3}},"86":{"start":{"line":160,"column":4},"end":{"line":160,"column":44}},"87":{"start":{"line":161,"column":4},"end":{"line":161,"column":11}},"88":{"start":{"line":163,"column":2},"end":{"line":175,"column":56}},"89":{"start":{"line":164,"column":4},"end":{"line":174,"column":5}},"90":{"start":{"line":165,"column":6},"end":{"line":171,"column":7}},"91":{"start":{"line":166,"column":8},"end":{"line":166,"column":22}},"92":{"start":{"line":167,"column":13},"end":{"line":171,"column":7}},"93":{"start":{"line":168,"column":8},"end":{"line":168,"column":23}},"94":{"start":{"line":170,"column":8},"end":{"line":170,"column":97}},"95":{"start":{"line":173,"column":6},"end":{"line":173,"column":28}},"96":{"start":{"line":179,"column":0},"end":{"line":185,"column":2}},"97":{"start":{"line":180,"column":2},"end":{"line":183,"column":3}},"98":{"start":{"line":181,"column":4},"end":{"line":181,"column":44}},"99":{"start":{"line":182,"column":4},"end":{"line":182,"column":11}},"100":{"start":{"line":184,"column":2},"end":{"line":184,"column":93}},"101":{"start":{"line":187,"column":0},"end":{"line":193,"column":2}},"102":{"start":{"line":188,"column":2},"end":{"line":191,"column":3}},"103":{"start":{"line":189,"column":4},"end":{"line":189,"column":44}},"104":{"start":{"line":190,"column":4},"end":{"line":190,"column":11}},"105":{"start":{"line":192,"column":2},"end":{"line":192,"column":86}},"106":{"start":{"line":197,"column":0},"end":{"line":203,"column":2}},"107":{"start":{"line":198,"column":2},"end":{"line":201,"column":3}},"108":{"start":{"line":199,"column":4},"end":{"line":199,"column":44}},"109":{"start":{"line":200,"column":4},"end":{"line":200,"column":11}},"110":{"start":{"line":202,"column":2},"end":{"line":202,"column":97}},"111":{"start":{"line":205,"column":0},"end":{"line":217,"column":2}},"112":{"start":{"line":206,"column":2},"end":{"line":209,"column":3}},"113":{"start":{"line":207,"column":4},"end":{"line":207,"column":44}},"114":{"start":{"line":208,"column":4},"end":{"line":208,"column":11}},"115":{"start":{"line":210,"column":2},"end":{"line":216,"column":55}},"116":{"start":{"line":211,"column":4},"end":{"line":215,"column":5}},"117":{"start":{"line":212,"column":6},"end":{"line":212,"column":50}},"118":{"start":{"line":214,"column":6},"end":{"line":214,"column":32}},"119":{"start":{"line":220,"column":0},"end":{"line":226,"column":2}},"120":{"start":{"line":221,"column":2},"end":{"line":224,"column":3}},"121":{"start":{"line":222,"column":4},"end":{"line":222,"column":44}},"122":{"start":{"line":223,"column":4},"end":{"line":223,"column":11}},"123":{"start":{"line":225,"column":2},"end":{"line":225,"column":92}},"124":{"start":{"line":228,"column":0},"end":{"line":234,"column":2}},"125":{"start":{"line":229,"column":2},"end":{"line":232,"column":3}},"126":{"start":{"line":230,"column":4},"end":{"line":230,"column":44}},"127":{"start":{"line":231,"column":4},"end":{"line":231,"column":11}},"128":{"start":{"line":233,"column":2},"end":{"line":233,"column":89}},"129":{"start":{"line":237,"column":0},"end":{"line":253,"column":2}},"130":{"start":{"line":238,"column":2},"end":{"line":238,"column":23}},"131":{"start":{"line":239,"column":2},"end":{"line":243,"column":3}},"132":{"start":{"line":240,"column":4},"end":{"line":240,"column":38}},"133":{"start":{"line":242,"column":4},"end":{"line":242,"column":15}},"134":{"start":{"line":244,"column":2},"end":{"line":252,"column":12}},"135":{"start":{"line":245,"column":4},"end":{"line":245,"column":17}},"136":{"start":{"line":246,"column":4},"end":{"line":251,"column":5}},"137":{"start":{"line":247,"column":6},"end":{"line":247,"column":29}},"138":{"start":{"line":248,"column":6},"end":{"line":248,"column":19}},"139":{"start":{"line":250,"column":6},"end":{"line":250,"column":17}},"140":{"start":{"line":255,"column":0},"end":{"line":265,"column":2}},"141":{"start":{"line":256,"column":2},"end":{"line":264,"column":12}},"142":{"start":{"line":257,"column":4},"end":{"line":257,"column":17}},"143":{"start":{"line":258,"column":4},"end":{"line":263,"column":5}},"144":{"start":{"line":259,"column":6},"end":{"line":259,"column":29}},"145":{"start":{"line":260,"column":6},"end":{"line":260,"column":19}},"146":{"start":{"line":262,"column":6},"end":{"line":262,"column":17}},"147":{"start":{"line":268,"column":0},"end":{"line":290,"column":2}},"148":{"start":{"line":269,"column":2},"end":{"line":269,"column":23}},"149":{"start":{"line":270,"column":2},"end":{"line":275,"column":3}},"150":{"start":{"line":271,"column":4},"end":{"line":271,"column":38}},"151":{"start":{"line":273,"column":4},"end":{"line":273,"column":76}},"152":{"start":{"line":274,"column":4},"end":{"line":274,"column":11}},"153":{"start":{"line":276,"column":2},"end":{"line":279,"column":3}},"154":{"start":{"line":277,"column":4},"end":{"line":277,"column":79}},"155":{"start":{"line":278,"column":4},"end":{"line":278,"column":11}},"156":{"start":{"line":280,"column":2},"end":{"line":289,"column":59}},"157":{"start":{"line":281,"column":4},"end":{"line":286,"column":5}},"158":{"start":{"line":282,"column":6},"end":{"line":282,"column":29}},"159":{"start":{"line":283,"column":6},"end":{"line":283,"column":19}},"160":{"start":{"line":285,"column":6},"end":{"line":285,"column":78}},"161":{"start":{"line":288,"column":4},"end":{"line":288,"column":54}},"162":{"start":{"line":292,"column":0},"end":{"line":311,"column":2}},"163":{"start":{"line":293,"column":2},"end":{"line":296,"column":3}},"164":{"start":{"line":294,"column":4},"end":{"line":294,"column":79}},"165":{"start":{"line":295,"column":4},"end":{"line":295,"column":11}},"166":{"start":{"line":297,"column":2},"end":{"line":297,"column":15}},"167":{"start":{"line":299,"column":2},"end":{"line":310,"column":48}},"168":{"start":{"line":301,"column":6},"end":{"line":306,"column":7}},"169":{"start":{"line":302,"column":8},"end":{"line":302,"column":31}},"170":{"start":{"line":303,"column":8},"end":{"line":303,"column":21}},"171":{"start":{"line":305,"column":8},"end":{"line":305,"column":80}},"172":{"start":{"line":309,"column":6},"end":{"line":309,"column":56}},"173":{"start":{"line":314,"column":0},"end":{"line":354,"column":2}},"174":{"start":{"line":315,"column":2},"end":{"line":315,"column":23}},"175":{"start":{"line":316,"column":2},"end":{"line":321,"column":3}},"176":{"start":{"line":317,"column":4},"end":{"line":317,"column":38}},"177":{"start":{"line":319,"column":4},"end":{"line":319,"column":76}},"178":{"start":{"line":320,"column":4},"end":{"line":320,"column":11}},"179":{"start":{"line":322,"column":2},"end":{"line":325,"column":3}},"180":{"start":{"line":323,"column":4},"end":{"line":323,"column":79}},"181":{"start":{"line":324,"column":4},"end":{"line":324,"column":11}},"182":{"start":{"line":327,"column":2},"end":{"line":327,"column":25}},"183":{"start":{"line":328,"column":2},"end":{"line":328,"column":40}},"184":{"start":{"line":329,"column":2},"end":{"line":343,"column":3}},"185":{"start":{"line":331,"column":6},"end":{"line":331,"column":37}},"186":{"start":{"line":332,"column":6},"end":{"line":332,"column":61}},"187":{"start":{"line":333,"column":6},"end":{"line":333,"column":12}},"188":{"start":{"line":335,"column":6},"end":{"line":335,"column":32}},"189":{"start":{"line":336,"column":6},"end":{"line":336,"column":12}},"190":{"start":{"line":338,"column":6},"end":{"line":338,"column":12}},"191":{"start":{"line":340,"column":6},"end":{"line":340,"column":82}},"192":{"start":{"line":341,"column":6},"end":{"line":341,"column":13}},"193":{"start":{"line":344,"column":2},"end":{"line":353,"column":38}},"194":{"start":{"line":345,"column":4},"end":{"line":350,"column":5}},"195":{"start":{"line":346,"column":6},"end":{"line":346,"column":29}},"196":{"start":{"line":347,"column":6},"end":{"line":347,"column":19}},"197":{"start":{"line":349,"column":6},"end":{"line":349,"column":78}},"198":{"start":{"line":352,"column":4},"end":{"line":352,"column":54}},"199":{"start":{"line":356,"column":0},"end":{"line":393,"column":2}},"200":{"start":{"line":357,"column":2},"end":{"line":360,"column":3}},"201":{"start":{"line":358,"column":4},"end":{"line":358,"column":79}},"202":{"start":{"line":359,"column":4},"end":{"line":359,"column":11}},"203":{"start":{"line":361,"column":2},"end":{"line":361,"column":15}},"204":{"start":{"line":363,"column":2},"end":{"line":363,"column":25}},"205":{"start":{"line":364,"column":2},"end":{"line":364,"column":27}},"206":{"start":{"line":365,"column":2},"end":{"line":379,"column":3}},"207":{"start":{"line":367,"column":6},"end":{"
[...]
ge\", \"getItem\", [reference]);","};","","/* API >= 2 */","StorageHandle.prototype.setSecretItem = function(reference, obj, encryptConfig, success, error) {","  var objAsString = \"\";","  try {","    objAsString = JSON.stringify(obj);","  } catch (err) {","    error(new NativeStorageError(NativeStorageError.JSON_ERROR, \"JS\", err));","    return;","  }","  if (reference === null) {","    error(new NativeStorageError(NativeStorageError.NULL_REFERENCE, \"JS\", \"\"));","    return;","  }","","  var action = \"setItem\";","  var params = [reference, objAsString];","  switch (encryptConfig.mode) {","    case \"password\":","      action = \"setItemWithPassword\";","      params = [reference, objAsString, encryptConfig.value];","      break;","    case \"key\":","      action = \"setItemWithKey\";","      break;","    case \"none\":","      break;","    default: {","      error(new NativeStorageError(NativeStorageError.WRONG_PARAMETER, \"JS\", \"\"));","      return;","    }","  }","  this.storageHandlerDelegate(function(data) {","    try {","      obj = JSON.parse(data);","      success(obj);","    } catch (err) {","      error(new NativeStorageError(NativeStorageError.JSON_ERROR, \"JS\", err));","    }","  }, function(code) {","    error(new NativeStorageError(code, \"Native\", \"\"));","  }, \"NativeStorage\", action, params);","};","","StorageHandle.prototype.getSecretItem = function(reference, encryptConfig, success, error) {","  if (reference === null) {","    error(new NativeStorageError(NativeStorageError.NULL_REFERENCE, \"JS\", \"\"));","    return;","  }","  var obj = {};","","  var action = \"getItem\";","  var params = [reference];","  switch (encryptConfig.mode) {","    case \"password\":","      action = \"getItemWithPassword\";","      params = [reference, encryptConfig.value];","      break;","    case \"key\":","      action = \"getItemWithKey\";","      break;","    case \"none\":","      break;","    default: {","      error(new NativeStorageError(NativeStorageError.WRONG_PARAMETER, \"JS\", \"\"));","      return;","    }","  }","","  this.storageHandlerDelegate(","    function(data) {","      try {","        obj = JSON.parse(data);","        success(obj);","      } catch (err) {","        error(new NativeStorageError(NativeStorageError.JSON_ERROR, \"JS\", err));","      }","    },","    function(code) {","      error(new NativeStorageError(code, \"Native\", \"\"));","    }, \"NativeStorage\", action, params);","};","","/* list keys */","StorageHandle.prototype.keys = function(success, error) {","  this.storageHandlerDelegate(success, error, \"NativeStorage\", \"keys\");","};","","","var storageHandle = new StorageHandle();","module.exports = storageHandle;",""],"l":{"1":2,"2":2,"5":1,"6":2,"7":0,"10":1,"11":2,"12":0,"15":0,"16":0,"19":0,"26":1,"27":2,"28":0,"30":0,"31":0,"32":0,"34":0,"35":0,"36":0,"38":0,"39":0,"41":0,"42":0,"47":2,"48":0,"49":0,"50":0,"52":0,"53":0,"54":0,"56":0,"58":0,"59":0,"61":0,"62":0,"66":0,"67":0,"69":0,"70":0,"71":0,"74":0,"76":0,"79":0,"80":0,"83":0,"84":0,"87":0,"88":0,"93":2,"94":0,"95":0,"96":0,"99":0,"100":0,"101":0,"102":0,"104":0,"107":0,"112":2,"113":0,"114":0,"115":0,"116":0,"118":0,"121":0,"127":2,"128":0,"129":0,"130":0,"133":0,"134":0,"135":0,"138":0,"139":0,"140":0,"141":0,"142":0,"143":0,"144":0,"146":0,"149":0,"153":0,"158":2,"159":0,"160":0,"161":0,"163":0,"164":0,"165":0,"166":0,"167":0,"168":0,"170":0,"173":0,"179":2,"180":0,"181":0,"182":0,"184":0,"187":2,"188":0,"189":0,"190":0,"192":0,"197":2,"198":0,"199":0,"200":0,"202":0,"205":2,"206":0,"207":0,"208":0,"210":0,"211":0,"212":0,"214":0,"220":2,"221":0,"222":0,"223":0,"225":0,"228":2,"229":0,"230":0,"231":0,"233":0,"237":2,"238":0,"239":0,"240":0,"242":0,"244":0,"245":0,"246":0,"247":0,"248":0,"250":0,"255":2,"256":0,"257":0,"258":0,"259":0,"260":0,"262":0,"268":2,"269":0,"270":0,"271":0,"273":0,"274":0,"276":0,"277":0,"278":0,"280":0,"281":0,"282":0,"283":0,"285":0,"288":0,"292":2,"293":0,"294":0,"295":0,"297":0,"299":0,"301":0,"302":0,"303":0,"305":0,"309":0,"314":2,"315":0,"316":0,"317":0,"319":0,"320":0,"322":0,"323":0,"324":0,"327":0,"328":0,"329":0,"331":0,"332":0,"333":0,"335":0,"336":0,"338":0,"340":0,"341":0,"344":0,"345":0,"346":0,"347":0,"349":0,"352":0,"356":2,"357":0,"358":0,"359":0,"361":0,"363":0,"364":0,"365":0,"367":0,"368":0,"369":0,"371":0,"372":0,"374":0,"376":0,"377":0,"381":0,"383":0,"384":0,"385":0,"387":0,"391":0,"396":2,"397":0,"401":2,"402":0}},"/home/travis/build/npmtest/node-npmtest-cordova-plugin-nativestorage/node_modules/cordova-plugin-nativestorage/src/windows/NativeStorage.js":{"path":"/home/travis/build/npmtest/node-npmtest-cordova-plugin-nativestorage/node_modules/cordova-plugin-nativestorage/src/windows/NativeStorage.js","s":{"1":2,"2":0,"3":0,"4":0,"5":0,"6":0,"7":0,"8":0,"9":0,"10":0,"11":0,"12":0,"13":0,"14":0,"15":0,"16":0,"17":0,"18":0,"19":0,"20":0,"21":0,"22":0,"23":0,"24":0,"25":0,"26":0,"27":0,"28":0,"29":0,"30":0,"31":0,"32":0,"33":0,"34":0,"35":0,"36":0,"37":0,"38":0,"39":0,"40":0,"41":0,"42":0,"43":0,"44":0,"45":0,"46":0,"47":0,"48":0,"49":0,"50":0,"51":0,"52":0,"53":0,"54":0,"55":0,"56":0,"57":0,"58":0,"59":0,"60":0,"61":0,"62":0,"63":0,"64":0,"65":0,"66":0,"67":0,"68":0,"69":0,"70":0,"71":0,"72":0,"73":0,"74":0,"75":0,"76":0,"77":0,"78":0,"79":0,"80":0,"81":0,"82":0,"83":0,"84":0,"85":0,"86":0,"87":0,"88":0,"89":0,"90":0,"91":0,"92":0,"93":0,"94":0},"b":{"1":[0,0],"2":[0,0]},"f":{"1":0,"2":0,"3":0,"4":0,"5":0,"6":0,"7":0,"8":0,"9":0,"10":0,"11":0,"12":0,"13":0},"fnMap":{"1":{"name":"(anonymous_1)","line":10,"loc":{"start":{"line":10,"column":13},"end":{"line":10,"column":40}}},"2":{"name":"(anonymous_2)","line":20,"loc":{"start":{"line":20,"column":13},"end":{"line":20,"column":40}}},"3":{"name":"(anonymous_3)","line":31,"loc":{"start":{"line":31,"column":11},"end":{"line":31,"column":38}}},"4":{"name":"(anonymous_4)","line":46,"loc":{"start":{"line":46,"column":15},"end":{"line":46,"column":42}}},"5":{"name":"(anonymous_5)","line":57,"loc":{"start":{"line":57,"column":15},"end":{"line":57,"column":42}}},"6":{"name":"(anonymous_6)","line":67,"loc":{"start":{"line":67,"column":16},"end":{"line":67,"column":43}}},"7":{"name":"(anonymous_7)","line":78,"loc":{"start":{"line":78,"column":16},"end":{"line":78,"column":43}}},"8":{"name":"(anonymous_8)","line":88,"loc":{"start":{"line":88,"column":12},"end":{"line":88,"column":39}}},"9":{"name":"(anonymous_9)","line":99,"loc":{"start":{"line":99,"column":12},"end":{"line":99,"column":39}}},"10":{"name":"(anonymous_10)","line":109,"loc":{"start":{"line":109,"column":15},"end":{"line":109,"column":42}}},"11":{"name":"(anonymous_11)","line":120,"loc":{"start":{"line":120,"column":15},"end":{"line":120,"column":42}}},"12":{"name":"(anonymous_12)","line":130,"loc":{"start":{"line":130,"column":12},"end":{"line":130,"column":39}}},"13":{"name":"(anonymous_13)","line":143,"loc":{"start":{"line":143,"column":10},"end":{"line":143,"column":31}}}},"statementMap":{"1":{"start":{"line":6,"column":0},"end":{"line":6,"column":55}},"2":{"start":{"line":7,"column":0},"end":{"line":7,"column":29}},"3":{"start":{"line":9,"column":0},"end":{"line":156,"column":2}},"4":{"start":{"line":11,"column":8},"end":{"line":18,"column":9}},"5":{"start":{"line":12,"column":12},"end":{"line":12,"column":30}},"6":{"start":{"line":13,"column":12},"end":{"line":13,"column":73}},"7":{"start":{"line":14,"column":12},"end":{"line":14,"column":66}},"8":{"start":{"line":15,"column":12},"end":{"line":15,"column":45}},"9":{"start":{"line":17,"column":12},"end":{"line":17,"column":20}},"10":{"start":{"line":21,"column":8},"end":{"line":29,"column":9}},"11":{"start":{"line":22,"column":12},"end":{"line":22,"column":30}},"12":{"start":{"line":23,"column":12},"end":{"line":23,"column":32}},"13":{"start":{"line":24,"column":12},"end":{"line":24,"column":73}},"14":{"start":{"line":25,"column":12},"end":{"line":25,"column":96}},"15":{"start":{"line":26,"column":12},"end":{"line":26,"column":23}},"16":{"start":{"line":28,"column":12},"end":{"line":28,"column":20}},"17":{"start":{"line":33,"column":8},"end":{"line":44,"column":9}},"18":{"start":{"line":34,"column":12},"end":{"line":34,"column":73}},"19":{"start":{"line":35,"column":12},"end":{"line":35,"column":50}},"20":{"start":{"line":36,"column":12},"end":{"line":37,"column":22}},"21":{"start":{"line":37,"column":16},"end":{"line":37,"column":22}},"22":{"start":{"line":38,"column":12},"end":{"line":40,"column":13}},"23":{"start":{"line":39,"column":16},"end":{"line":39,"column":45}},"24":{"start":{"line":41,"column":12},"end":{"line":41,"column":18}},"25":{"start":{"line":43,"column":12},"end":{"line":43,"column":19}},"26":{"start":{"line":47,"column":8},"end":{"line":55,"column":9}},"27":{"start":{"line":48,"column":12},"end":{"line":48,"column":30}},"28":{"start":{"line":49,"column":12},"end":{"line":49,"column":32}},"29":{"start":{"line":50,"column":12},"end":{"line":50,"column":73}},"30":{"start":{"line":51,"column":12},"end":{"line":51,"column":96}},"31":{"start":{"line":52,"column":12},"end":{"line":52,"column":23}},"32":{"start":{"line":54,"column":12},"end":{"line":54,"column":20}},"33":{"start":{"line":58,"column":8},"end":{"line":65,"column":9}},"34":{"start":{"line":59,"column":12},"end":{"line":59,"column":30}},"35":{"start":{"line":60,"column":12},"end":{"line":60,"column":73}},"36":{"start":{"line":61,"column":12},"end":{"line":61,"column":66}},"37":{"start":{"line":62,"column":12},"end":{"line":62,"column":45}},"38":{"start":{"line":64,"column":12},"end":{"line":64,"column":20}},"39":{"start":{"line":68,"column":8},"end":{"line":76,"column":9}},"40":{"start":{"line":69,"column":12},"end":{"line":69,"column":30}},"41":{"start":{"line":70,"column":12},"end":{"line":70,"column":32}},"42":{"start":{"line":71,"column":12},"end":{"line":71,"column":73}},"43":{"start":{"line":72,"column":12},"end":{"line":72,"column":96}},"44":{"start":{"line":73,"column":12},"end":{"line":73,"column":23}},"45":{"start":{"line":75,"column":12},"end":{"line":75,"column":20}},"46":{"start":{"line":79,"column":8},"end":{"line":86,"column":9}},"47":{"start":{"line":80,"column":12},"end":{"line":80,"column":30}},"48":{"start":{"line":81,"column":12},"end":{"line":81,"column":73}},"49":{"start":{"line":82,"column":12},"end":{"line":82,"column":66}},"50":{"start":{"line":83,"column":12},"end":{"line":83,"column":45}},"51":{"start":{"line":85,"column":12},"end":{"line":85,"column":20}},"52":{"start":{"line":89,"column":8},"end":{"line":97,"column":9}},"53":{"start":{"line":90,"column":12},"end":{"line":90,"column":30}},"54":{"start":{"line":91,"column":12},"end":{"line":91,"column":32}},"55":{"start":{"line":92,"column":12},"end":{"line":92,"column":73}},"56":{"start":{"line":93,"column":12},"end":{"line":93,"column":96}},"57":{"start":{"line":94,"column":12},"end":{"line":94,"column":23}},"58":{"start":{"line":96,"column":12},"end":{"line":96,"column":20}},"59":{"start":{"line":100,"column":8},"end":{"line":107,"column":9}},"60":{"start":{"line":101,"column":12},"end":{"line":101,"column":30}},"61":{"start":{"line":102,"column":12},"end":{"line":102,"column":73}},"62":{"start":{"line":103,"column":12},"end":{"line":103,"column":66}},"63":{"start":{"line":104,"column":12},"end":{"line":104,"column":55}},"64":{"start":{"line":106,"column":12},"end":{"line":106,"column":20}},"65":{"start":{"line":110,"column":8},"end":{"line":118,"column":9}},"66":{"start":{"line":111,"column":12},"end":{"line":111,"column":30}},"67":{"start":{"line":112,"column":12},"end":{"line":112,"column":32}},"68":{"start":{"line":113,"column":12},"end":{"line":113,"column":73}},"69":{"start":{"line":114,"column":12},"end":{"line":114,"column":96}},"70":{"start":{"line":115,"column":12},"end":{"line":115,"column":23}},"71":{"start":{"line":117,"column":12},"end":{"line":117,"column":20}},"72":{"start":{"line":121,"column":8},"end":{"line":128,"column":9}},"73":{"start":{"line":122,"column":12},"end":{"line":122,"column":30}},"74":{"start":{"line":123,"column":12},"end":{"line":123,"column":73}},"75":{"start":{"line":124,"column":12},"end":{"line":124,"column":66}},"76":{"start":{"line":125,"column":12},"end":{"line":125,"column":45}},"77":{"start":{"line":127,"column":12},"end":{"line":127,"column":20}},"78":{"start":{"line":131,"column":8},"end":{"line":141,"column":9}},"79":{"start":{"line":132,"column":12},"end":{"line":132,"column":30}},"80":{"start":{"line":133,"column":12},"end":{"line":133,"column":73}},"81":{"start":{"line":134,"column":12},"end":{"line":134,"column":66}},"82":{"start":{"line":135,"column":12},"end":{"line":137,"column":13}},"83":{"start":{"line":136,"column":16},"end":{"line":136,"column":49}},"84":{"start":{"line":138,"column":12},"end":{"line":138,"column":21}},"85":{"start":{"line":140,"column":12},"end":{"line":140,"column":20}},"86":{"start":{"line":144,"column":8},"end":{"line":154,"column":9}},"87":{"start":{"line":145,"column":12},"end":{"line":145,"column":73}},"88":{"start":{"line":146,"column":12},"end":{"line":146,"column":42}},"89":{"start":{"line":147,"column":12},"end":{"line":147,"column":26}},"90":{"start":{"line":148,"column":12},"end":{"line":150,"column":13}},"91":{"start":{"line":149,"column":14},"end":{"line":149,"column":47}},"92":{"start":{"line":151,"column":12},"end":{"line":151,"column":22}},"93":{"start":{"line":153,"column":12},"end":{"line":153,"column":20}},"94":{"start":{"line":158,"column":0},"end":{"line":158,"column":71}}},"branchMap":{"1":{"line":36,"type":"if","locations":[{"start":{"line":36,"column":12},"end":{"line":36,"column":12}},{"start":{"line":36,"column":12},"end":{"line":36,"column":12}}]},"2":{"line":135,"type":"if","locations":[{"start":{"line":135,"column":12},"end":{"line":135,"column":12}},{"start":{"line":135,"column":12},"end":{"line":135,"column":12}}]}},"code":["/**"," * Created by Christian on 30.08.2016."," * christian@helbighof.de"," */","","var package = Windows.ApplicationModel.Package.current;","var service = package.id.name","","var NativeStorageProxy = {","    getItem: function (win, fail, args) {","        try {","            var key = args[0];","            var vault = new Windows.Security.Credentials.PasswordVault();","            var passwordCredential = vault.retrieve(service, key);","            win(passwordCredential.password);","        } catch (e) {","            fail(2);","        }","    },","    setItem: function (win, fail, args) {","        try {","            var key = args[0];","            var value = args[1];","            var vault = new Windows.Security.Credentials.PasswordVault();","            vault.add(new Windows.Security.Credentials.PasswordCredential(service, key, value));","            win(value);","        } catch (e) {","            fail(1);","        }","    },","    clear: function (win, fail, args) {","        //todo: Clear all values in NativeStorage","        try {","            var vault = new Windows.Security.Credentials.PasswordVault();","            var iVectorView = vault.retrieveAll();","            if (iVectorView == null)","                win();","            for (var i = 0; i < iVectorView.size; i++) {","                vault.remove(iVectorView[i]);","            }","            win();","        } catch (e) {","            fail();","        }","    },","    putString: function (win, fail, args) {","        try {","            var key = args[0];","            var value = args[1];","            var vault = new Windows.Security.Credentials.PasswordVault();","            vault.add(new Windows.Security.Credentials.PasswordCredential(service, key, value));","            win(value);","        } catch (e) {","            fail(1);","        }","    },","    getString: function (win, fail, args) {","        try {","            var key = args[0];","            var vault = new Windows.Security.Credentials.PasswordVault();","            var passwordCredential = vault.retrieve(service, key);","            win(passwordCredential.password);","        } catch (e) {","            fail(2);","        }","    },","    putBoolean: function (win, fail, args) {","        try {","            var key = args[0];","            var value = args[1];","            var vault = new Windows.Security.Credentials.PasswordVault();","            vault.add(new Windows.Security.Credentials.PasswordCredential(service, key, value));","            win(value);","        } catch (e) {","            fail(1);","        }","    },","    getBoolean: function (win, fail, args) {","        try {","            var key = args[0];","            var vault = new Windows.Security.Credentials.PasswordVault();","            var passwordCredential = vault.retrieve(service, key);","            win(passwordCredential.password);","        } catch (e) {","            fail(2);","        }","    },","    putInt: function (win, fail, args) {","        try {","            var key = args[0];","            var value = args[1];","            var vault = new Windows.Security.Credentials.PasswordVault();","            vault.add(new Windows.Security.Credentials.PasswordCredential(service, key, value));","            win(value);","        } catch (e) {","            fail(1);","        }","    },","    getInt: function (win, fail, args) {","        try {","            var key = args[0];","            var vault = new Windows.Security.Credentials.PasswordVault();","            var passwordCredential = vault.retrieve(service, key);","            win(parseInt(passwordCredential.password));","        } catch (e) {","            fail(2);","        }","    },","    putDouble: function (win, fail, args) {","        try {","            var key = args[0];","            var value = args[1];","            var vault = new Windows.Security.Credentials.PasswordVault();","            vault.add(new Windows.Security.Credentials.PasswordCredential(service, key, value));","            win(value);","        } catch (e) {","            fail(1);","        }","    },","    getDouble: function (win, fail, args) {","        try {","            var key = args[0];","            var vault = new Windows.Security.Credentials.PasswordVault();","            var passwordCredential = vault.retrieve(service, key);","            win(passwordCredential.password);","        } catch (e) {","            fail(2);","        }","    },","    remove: function (win, fail, args) {","        try {","            var key = args[0];","            var vault = new Windows.Security.Credentials.PasswordVault();","            var passwordCredential = vault.retrieve(service, key);","            if (passwordCredential) {","                vault.remove(passwordCredential);","            }","            win(key);","        } catch (e) {","            fail(2);","        }","    },","    keys: function (win, fail) {","        try {","            var vault = new Windows.Security.Credentials.PasswordVault();","            var all = vault.retrieveAll();","            var keys = [];","            for(var i=0;i<all.Size;i++) {","              keys.push(all.GetAt(i).UserName);","            }","            win(keys);","        } catch (e) {","            fail(2);","        }","    },","};","","require(\"cordova/exec/proxy\").add(\"NativeStorage\", NativeStorageProxy);",""],"l":{"6":2,"7":0,"9":0,"11":0,"12":0,"13":0,"14":0,"15":0,"17":0,"21":0,"22":0,"23":0,"24":0,"25":0,"26":0,"28":0,"33":0,"34":0,"35":0,"36":0,"37":0,"38":0,"39":0,"41":0,"43":0,"47":0,"48":0,"49":0,"50":0,"51":0,"52":0,"54":0,"58":0,"59":0,"60":0,"61":0,"62":0,"64":0,"68":0,"69":0,"70":0,"71":0,"72":0,"73":0,"75":0,"79":0,"80":0,"81":0,"82":0,"83":0,"85":0,"89":0,"90":0,"91":0,"92":0,"93":0,"94":0,"96":0,"100":0,"101":0,"102":0,"103":0,"104":0,"106":0,"110":0,"111":0,"112":0,"113":0,"114":0,"115":0,"117":0,"121":0,"122":0,"123":0,"124":0,"125":0,"127":0,"131":0,"132":0,"133":0,"134":0,"135":0,"136":0,"138":0,"140":0,"144":0,"145":0,"146":0,"147":0,"148":0,"149":0,"151":0,"153":0,"158":0}}}